2018-05-07T12:58:57.558Z - error: uncaughtException: require(...) is not a function date=Mon May 07 2018 18:28:57 GMT+0530 (India Standard Time), pid=9816, uid=null, gid=null, cwd=C:\Users\ashok.mahendran\Desktop\Sample-Node, execPath=C:\Program Files\nodejs\node.exe, version=v8.11.1, argv=[C:\Program Files\nodejs\node.exe, C:\Users\ashok.mahendran\Desktop\Sample-Node\app.js], rss=46829568, heapTotal=33374208, heapUsed=18405744, external=17983851, loadavg=[0, 0, 0], uptime=137733.4281671, trace=[column=38, file=C:\Users\ashok.mahendran\Desktop\Sample-Node\app.js, function=null, line=17, method=null, native=false, column=30, file=module.js, function=Module._compile, line=652, method=_compile, native=false, column=10, file=module.js, function=Module._extensions..js, line=663, method=.js, native=false, column=32, file=module.js, function=Module.load, line=565, method=load, native=false, column=12, file=module.js, function=tryModuleLoad, line=505, method=null, native=false, column=3, file=module.js, function=Module._load, line=497, method=_load, native=false, column=10, file=module.js, function=Module.runMain, line=693, method=runMain, native=false, column=16, file=bootstrap_node.js, function=startup, line=188, method=null, native=false, column=3, file=bootstrap_node.js, function=null, line=609, method=null, native=false], stack=[TypeError: require(...) is not a function,     at Object.<anonymous> (C:\Users\ashok.mahendran\Desktop\Sample-Node\app.js:17:38),     at Module._compile (module.js:652:30),     at Object.Module._extensions..js (module.js:663:10),     at Module.load (module.js:565:32),     at tryModuleLoad (module.js:505:12),     at Function.Module._load (module.js:497:3),     at Function.Module.runMain (module.js:693:10),     at startup (bootstrap_node.js:188:16),     at bootstrap_node.js:609:3]
2018-05-07T12:59:23.872Z - error: uncaughtException: require(...) is not a function date=Mon May 07 2018 18:29:23 GMT+0530 (India Standard Time), pid=6848, uid=null, gid=null, cwd=C:\Users\ashok.mahendran\Desktop\Sample-Node, execPath=C:\Program Files\nodejs\node.exe, version=v8.11.1, argv=[C:\Program Files\nodejs\node.exe, C:\Users\ashok.mahendran\Desktop\Sample-Node\app.js], rss=46845952, heapTotal=32849920, heapUsed=18144880, external=17983851, loadavg=[0, 0, 0], uptime=137759.7421671, trace=[column=38, file=C:\Users\ashok.mahendran\Desktop\Sample-Node\app.js, function=null, line=17, method=null, native=false, column=30, file=module.js, function=Module._compile, line=652, method=_compile, native=false, column=10, file=module.js, function=Module._extensions..js, line=663, method=.js, native=false, column=32, file=module.js, function=Module.load, line=565, method=load, native=false, column=12, file=module.js, function=tryModuleLoad, line=505, method=null, native=false, column=3, file=module.js, function=Module._load, line=497, method=_load, native=false, column=10, file=module.js, function=Module.runMain, line=693, method=runMain, native=false, column=16, file=bootstrap_node.js, function=startup, line=188, method=null, native=false, column=3, file=bootstrap_node.js, function=null, line=609, method=null, native=false], stack=[TypeError: require(...) is not a function,     at Object.<anonymous> (C:\Users\ashok.mahendran\Desktop\Sample-Node\app.js:17:38),     at Module._compile (module.js:652:30),     at Object.Module._extensions..js (module.js:663:10),     at Module.load (module.js:565:32),     at tryModuleLoad (module.js:505:12),     at Function.Module._load (module.js:497:3),     at Function.Module.runMain (module.js:693:10),     at startup (bootstrap_node.js:188:16),     at bootstrap_node.js:609:3]
2018-05-07T13:00:37.005Z - error: uncaughtException: Cannot find module '../controllers/authenticationcontroller.js' date=Mon May 07 2018 18:30:36 GMT+0530 (India Standard Time), pid=7516, uid=null, gid=null, cwd=C:\Users\ashok.mahendran\Desktop\Sample-Node, execPath=C:\Program Files\nodejs\node.exe, version=v8.11.1, argv=[C:\Program Files\nodejs\node.exe, C:\Users\ashok.mahendran\Desktop\Sample-Node\app.js], rss=46706688, heapTotal=32849920, heapUsed=18358672, external=17975659, loadavg=[0, 0, 0], uptime=137832.8741671, trace=[column=15, file=module.js, function=Module._resolveFilename, line=547, method=_resolveFilename, native=false, column=25, file=module.js, function=Module._load, line=474, method=_load, native=false, column=17, file=module.js, function=Module.require, line=596, method=require, native=false, column=18, file=internal/module.js, function=require, line=11, method=null, native=false, column=16, file=C:\Users\ashok.mahendran\Desktop\Sample-Node\routes\routes.js, function=module.exports, line=3, method=exports, native=false, column=30, file=C:\Users\ashok.mahendran\Desktop\Sample-Node\app.js, function=null, line=16, method=null, native=false, column=30, file=module.js, function=Module._compile, line=652, method=_compile, native=false, column=10, file=module.js, function=Module._extensions..js, line=663, method=.js, native=false, column=32, file=module.js, function=Module.load, line=565, method=load, native=false, column=12, file=module.js, function=tryModuleLoad, line=505, method=null, native=false, column=3, file=module.js, function=Module._load, line=497, method=_load, native=false, column=10, file=module.js, function=Module.runMain, line=693, method=runMain, native=false, column=16, file=bootstrap_node.js, function=startup, line=188, method=null, native=false, column=3, file=bootstrap_node.js, function=null, line=609, method=null, native=false], stack=[Error: Cannot find module '../controllers/authenticationcontroller.js',     at Function.Module._resolveFilename (module.js:547:15),     at Function.Module._load (module.js:474:25),     at Module.require (module.js:596:17),     at require (internal/module.js:11:18),     at module.exports (C:\Users\ashok.mahendran\Desktop\Sample-Node\routes\routes.js:3:16),     at Object.<anonymous> (C:\Users\ashok.mahendran\Desktop\Sample-Node\app.js:16:30),     at Module._compile (module.js:652:30),     at Object.Module._extensions..js (module.js:663:10),     at Module.load (module.js:565:32),     at tryModuleLoad (module.js:505:12),     at Function.Module._load (module.js:497:3),     at Function.Module.runMain (module.js:693:10),     at startup (bootstrap_node.js:188:16),     at bootstrap_node.js:609:3]
2018-05-07T13:00:43.657Z - error: uncaughtException: Route.get() requires a callback function but got a [object Undefined] date=Mon May 07 2018 18:30:43 GMT+0530 (India Standard Time), pid=6200, uid=null, gid=null, cwd=C:\Users\ashok.mahendran\Desktop\Sample-Node, execPath=C:\Program Files\nodejs\node.exe, version=v8.11.1, argv=[C:\Program Files\nodejs\node.exe, C:\Users\ashok.mahendran\Desktop\Sample-Node\app.js], rss=47087616, heapTotal=33898496, heapUsed=15848608, external=17983851, loadavg=[0, 0, 0], uptime=137839.5281671, trace=[column=15, file=C:\Users\ashok.mahendran\Desktop\Sample-Node\node_modules\express\lib\router\route.js, function=Route.(anonymous function) [as get], line=202, method=(anonymous function) [as get], native=false, column=19, file=C:\Users\ashok.mahendran\Desktop\Sample-Node\node_modules\express\lib\application.js, function=Function.app.(anonymous function) [as get], line=482, method=(anonymous function) [as get], native=false, column=9, file=C:\Users\ashok.mahendran\Desktop\Sample-Node\routes\routes.js, function=module.exports, line=20, method=exports, native=false, column=30, file=C:\Users\ashok.mahendran\Desktop\Sample-Node\app.js, function=null, line=16, method=null, native=false, column=30, file=module.js, function=Module._compile, line=652, method=_compile, native=false, column=10, file=module.js, function=Module._extensions..js, line=663, method=.js, native=false, column=32, file=module.js, function=Module.load, line=565, method=load, native=false, column=12, file=module.js, function=tryModuleLoad, line=505, method=null, native=false, column=3, file=module.js, function=Module._load, line=497, method=_load, native=false, column=10, file=module.js, function=Module.runMain, line=693, method=runMain, native=false, column=16, file=bootstrap_node.js, function=startup, line=188, method=null, native=false, column=3, file=bootstrap_node.js, function=null, line=609, method=null, native=false], stack=[Error: Route.get() requires a callback function but got a [object Undefined],     at Route.(anonymous function) [as get] (C:\Users\ashok.mahendran\Desktop\Sample-Node\node_modules\express\lib\router\route.js:202:15),     at Function.app.(anonymous function) [as get] (C:\Users\ashok.mahendran\Desktop\Sample-Node\node_modules\express\lib\application.js:482:19),     at module.exports (C:\Users\ashok.mahendran\Desktop\Sample-Node\routes\routes.js:20:9),     at Object.<anonymous> (C:\Users\ashok.mahendran\Desktop\Sample-Node\app.js:16:30),     at Module._compile (module.js:652:30),     at Object.Module._extensions..js (module.js:663:10),     at Module.load (module.js:565:32),     at tryModuleLoad (module.js:505:12),     at Function.Module._load (module.js:497:3),     at Function.Module.runMain (module.js:693:10),     at startup (bootstrap_node.js:188:16),     at bootstrap_node.js:609:3]
2018-05-07T13:19:20.774Z - error: uncaughtException: jwt is not defined date=Mon May 07 2018 18:49:20 GMT+0530 (India Standard Time), pid=8832, uid=null, gid=null, cwd=C:\Users\ashok.mahendran\Desktop\Sample-Node, execPath=C:\Program Files\nodejs\node.exe, version=v8.11.1, argv=[C:\Program Files\nodejs\node.exe, C:\Users\ashok.mahendran\Desktop\Sample-Node\app.js], rss=47833088, heapTotal=28422144, heapUsed=24623792, external=17947685, loadavg=[0, 0, 0], uptime=138956.6401671, trace=[column=9, file=C:\Users\ashok.mahendran\Desktop\Sample-Node\controllers\authenticationcontroller.js, function=null, line=15, method=null, native=false, column=16, file=C:\Users\ashok.mahendran\Desktop\Sample-Node\node_modules\mongoose\lib\model.js, function=null, line=3953, method=null, native=false, column=7, file=C:\Users\ashok.mahendran\Desktop\Sample-Node\node_modules\mongoose\lib\query.js, function=(anonymous function).call, line=3029, method=call, native=false, column=39, file=C:\Users\ashok.mahendran\Desktop\Sample-Node\node_modules\mongoose\lib\query.js, function=process.nextTick, line=1458, method=nextTick, native=false, column=7, file=internal/process/next_tick.js, function=_combinedTickCallback, line=131, method=null, native=false, column=9, file=internal/process/next_tick.js, function=process._tickCallback, line=180, method=_tickCallback, native=false], stack=[ReferenceError: jwt is not defined,     at C:\Users\ashok.mahendran\Desktop\Sample-Node\controllers\authenticationcontroller.js:15:9,     at C:\Users\ashok.mahendran\Desktop\Sample-Node\node_modules\mongoose\lib\model.js:3953:16,     at (anonymous function).call (C:\Users\ashok.mahendran\Desktop\Sample-Node\node_modules\mongoose\lib\query.js:3029:7),     at process.nextTick (C:\Users\ashok.mahendran\Desktop\Sample-Node\node_modules\mongoose\lib\query.js:1458:39),     at _combinedTickCallback (internal/process/next_tick.js:131:7),     at process._tickCallback (internal/process/next_tick.js:180:9)]
2018-05-07T13:29:19.210Z - error: uncaughtException: cookieParser is not defined date=Mon May 07 2018 18:59:19 GMT+0530 (India Standard Time), pid=7516, uid=null, gid=null, cwd=C:\Users\ashok.mahendran\Desktop\Sample-Node, execPath=C:\Program Files\nodejs\node.exe, version=v8.11.1, argv=[C:\Program Files\nodejs\node.exe, C:\Users\ashok.mahendran\Desktop\Sample-Node\app.js], rss=47575040, heapTotal=33374208, heapUsed=19397904, external=18045215, loadavg=[0, 0, 0], uptime=139555.0801671, trace=[column=5, file=C:\Users\ashok.mahendran\Desktop\Sample-Node\app.js, function=null, line=17, method=null, native=false, column=30, file=module.js, function=Module._compile, line=652, method=_compile, native=false, column=10, file=module.js, function=Module._extensions..js, line=663, method=.js, native=false, column=32, file=module.js, function=Module.load, line=565, method=load, native=false, column=12, file=module.js, function=tryModuleLoad, line=505, method=null, native=false, column=3, file=module.js, function=Module._load, line=497, method=_load, native=false, column=10, file=module.js, function=Module.runMain, line=693, method=runMain, native=false, column=16, file=bootstrap_node.js, function=startup, line=188, method=null, native=false, column=3, file=bootstrap_node.js, function=null, line=609, method=null, native=false], stack=[ReferenceError: cookieParser is not defined,     at Object.<anonymous> (C:\Users\ashok.mahendran\Desktop\Sample-Node\app.js:17:5),     at Module._compile (module.js:652:30),     at Object.Module._extensions..js (module.js:663:10),     at Module.load (module.js:565:32),     at tryModuleLoad (module.js:505:12),     at Function.Module._load (module.js:497:3),     at Function.Module.runMain (module.js:693:10),     at startup (bootstrap_node.js:188:16),     at bootstrap_node.js:609:3]
2018-05-07T13:30:22.832Z - error: uncaughtException: cookieParser is not defined date=Mon May 07 2018 19:00:22 GMT+0530 (India Standard Time), pid=3508, uid=null, gid=null, cwd=C:\Users\ashok.mahendran\Desktop\Sample-Node, execPath=C:\Program Files\nodejs\node.exe, version=v8.11.1, argv=[C:\Program Files\nodejs\node.exe, C:\Users\ashok.mahendran\Desktop\Sample-Node\app.js], rss=48107520, heapTotal=32849920, heapUsed=19392792, external=18045215, loadavg=[0, 0, 0], uptime=139618.7031671, trace=[column=5, file=C:\Users\ashok.mahendran\Desktop\Sample-Node\app.js, function=null, line=17, method=null, native=false, column=30, file=module.js, function=Module._compile, line=652, method=_compile, native=false, column=10, file=module.js, function=Module._extensions..js, line=663, method=.js, native=false, column=32, file=module.js, function=Module.load, line=565, method=load, native=false, column=12, file=module.js, function=tryModuleLoad, line=505, method=null, native=false, column=3, file=module.js, function=Module._load, line=497, method=_load, native=false, column=10, file=module.js, function=Module.runMain, line=693, method=runMain, native=false, column=16, file=bootstrap_node.js, function=startup, line=188, method=null, native=false, column=3, file=bootstrap_node.js, function=null, line=609, method=null, native=false], stack=[ReferenceError: cookieParser is not defined,     at Object.<anonymous> (C:\Users\ashok.mahendran\Desktop\Sample-Node\app.js:17:5),     at Module._compile (module.js:652:30),     at Object.Module._extensions..js (module.js:663:10),     at Module.load (module.js:565:32),     at tryModuleLoad (module.js:505:12),     at Function.Module._load (module.js:497:3),     at Function.Module.runMain (module.js:693:10),     at startup (bootstrap_node.js:188:16),     at bootstrap_node.js:609:3]
2018-05-08T04:08:33.362Z - error: uncaughtException: Route.post() requires a callback function but got a [object Undefined] date=Tue May 08 2018 09:38:33 GMT+0530 (India Standard Time), pid=7872, uid=null, gid=null, cwd=C:\Users\ashok.mahendran\Desktop\Sample-Node, execPath=C:\Program Files\nodejs\node.exe, version=v8.11.1, argv=[C:\Program Files\nodejs\node.exe, C:\Users\ashok.mahendran\Desktop\Sample-Node\app.js], rss=48431104, heapTotal=32849920, heapUsed=20183616, external=18083757, loadavg=[0, 0, 0], uptime=52307.2327498, trace=[column=15, file=C:\Users\ashok.mahendran\Desktop\Sample-Node\node_modules\express\lib\router\route.js, function=Route.(anonymous function) [as post], line=202, method=(anonymous function) [as post], native=false, column=19, file=C:\Users\ashok.mahendran\Desktop\Sample-Node\node_modules\express\lib\application.js, function=Function.app.(anonymous function) [as post], line=482, method=(anonymous function) [as post], native=false, column=9, file=C:\Users\ashok.mahendran\Desktop\Sample-Node\routes\routes.js, function=module.exports, line=21, method=exports, native=false, column=30, file=C:\Users\ashok.mahendran\Desktop\Sample-Node\app.js, function=null, line=19, method=null, native=false, column=30, file=module.js, function=Module._compile, line=652, method=_compile, native=false, column=10, file=module.js, function=Module._extensions..js, line=663, method=.js, native=false, column=32, file=module.js, function=Module.load, line=565, method=load, native=false, column=12, file=module.js, function=tryModuleLoad, line=505, method=null, native=false, column=3, file=module.js, function=Module._load, line=497, method=_load, native=false, column=10, file=module.js, function=Module.runMain, line=693, method=runMain, native=false, column=16, file=bootstrap_node.js, function=startup, line=188, method=null, native=false, column=3, file=bootstrap_node.js, function=null, line=609, method=null, native=false], stack=[Error: Route.post() requires a callback function but got a [object Undefined],     at Route.(anonymous function) [as post] (C:\Users\ashok.mahendran\Desktop\Sample-Node\node_modules\express\lib\router\route.js:202:15),     at Function.app.(anonymous function) [as post] (C:\Users\ashok.mahendran\Desktop\Sample-Node\node_modules\express\lib\application.js:482:19),     at module.exports (C:\Users\ashok.mahendran\Desktop\Sample-Node\routes\routes.js:21:9),     at Object.<anonymous> (C:\Users\ashok.mahendran\Desktop\Sample-Node\app.js:19:30),     at Module._compile (module.js:652:30),     at Object.Module._extensions..js (module.js:663:10),     at Module.load (module.js:565:32),     at tryModuleLoad (module.js:505:12),     at Function.Module._load (module.js:497:3),     at Function.Module.runMain (module.js:693:10),     at startup (bootstrap_node.js:188:16),     at bootstrap_node.js:609:3]
2018-05-08T04:11:56.984Z - error: uncaughtException: Cannot set property '_startAt' of null date=Tue May 08 2018 09:41:56 GMT+0530 (India Standard Time), pid=580, uid=null, gid=null, cwd=C:\Users\ashok.mahendran\Desktop\Sample-Node, execPath=C:\Program Files\nodejs\node.exe, version=v8.11.1, argv=[C:\Program Files\nodejs\node.exe, C:\Users\ashok.mahendran\Desktop\Sample-Node\app.js], rss=49438720, heapTotal=34422784, heapUsed=16101688, external=18091949, loadavg=[0, 0, 0], uptime=52510.8547498, trace=[column=18, file=C:\Users\ashok.mahendran\Desktop\Sample-Node\node_modules\morgan\index.js, function=logger, line=105, method=null, native=false, column=7, file=C:\Users\ashok.mahendran\Desktop\Sample-Node\node_modules\winston\lib\winston\logger.js, function=finish, line=189, method=null, native=false, column=19, file=C:\Users\ashok.mahendran\Desktop\Sample-Node\node_modules\winston\node_modules\async\lib\async.js, function=done, line=167, method=null, native=false, column=16, file=C:\Users\ashok.mahendran\Desktop\Sample-Node\node_modules\winston\node_modules\async\lib\async.js, function=null, line=40, method=null, native=false, column=7, file=C:\Users\ashok.mahendran\Desktop\Sample-Node\node_modules\winston\lib\winston\logger.js, function=null, line=242, method=null, native=false, column=7, file=C:\Users\ashok.mahendran\Desktop\Sample-Node\node_modules\winston\lib\winston\transports\file.js, function=null, line=204, method=null, native=false, column=7, file=internal/process/next_tick.js, function=_combinedTickCallback, line=131, method=null, native=false, column=9, file=internal/process/next_tick.js, function=process._tickCallback, line=180, method=_tickCallback, native=false], stack=[TypeError: Cannot set property '_startAt' of null,     at logger (C:\Users\ashok.mahendran\Desktop\Sample-Node\node_modules\morgan\index.js:105:18),     at finish (C:\Users\ashok.mahendran\Desktop\Sample-Node\node_modules\winston\lib\winston\logger.js:189:7),     at done (C:\Users\ashok.mahendran\Desktop\Sample-Node\node_modules\winston\node_modules\async\lib\async.js:167:19),     at C:\Users\ashok.mahendran\Desktop\Sample-Node\node_modules\winston\node_modules\async\lib\async.js:40:16,     at C:\Users\ashok.mahendran\Desktop\Sample-Node\node_modules\winston\lib\winston\logger.js:242:7,     at C:\Users\ashok.mahendran\Desktop\Sample-Node\node_modules\winston\lib\winston\transports\file.js:204:7,     at _combinedTickCallback (internal/process/next_tick.js:131:7),     at process._tickCallback (internal/process/next_tick.js:180:9)]
2018-05-08T04:12:16.253Z - error: uncaughtException: Function.prototype.toString requires that 'this' be a Function date=Tue May 08 2018 09:42:16 GMT+0530 (India Standard Time), pid=7640, uid=null, gid=null, cwd=C:\Users\ashok.mahendran\Desktop\Sample-Node, execPath=C:\Program Files\nodejs\node.exe, version=v8.11.1, argv=[C:\Program Files\nodejs\node.exe, C:\Users\ashok.mahendran\Desktop\Sample-Node\app.js], rss=48427008, heapTotal=34422784, heapUsed=17262288, external=18091949, loadavg=[0, 0, 0], uptime=52530.1217498, trace=[column=null, file=null, function=toString, line=null, method=null, native=false, column=7, file=C:\Users\ashok.mahendran\Desktop\Sample-Node\node_modules\winston\lib\winston\logger.js, function=finish, line=189, method=null, native=false, column=19, file=C:\Users\ashok.mahendran\Desktop\Sample-Node\node_modules\winston\node_modules\async\lib\async.js, function=done, line=167, method=null, native=false, column=16, file=C:\Users\ashok.mahendran\Desktop\Sample-Node\node_modules\winston\node_modules\async\lib\async.js, function=null, line=40, method=null, native=false, column=7, file=C:\Users\ashok.mahendran\Desktop\Sample-Node\node_modules\winston\lib\winston\logger.js, function=null, line=242, method=null, native=false, column=7, file=C:\Users\ashok.mahendran\Desktop\Sample-Node\node_modules\winston\lib\winston\transports\file.js, function=null, line=204, method=null, native=false, column=7, file=internal/process/next_tick.js, function=_combinedTickCallback, line=131, method=null, native=false, column=9, file=internal/process/next_tick.js, function=process._tickCallback, line=180, method=_tickCallback, native=false], stack=[TypeError: Function.prototype.toString requires that 'this' be a Function,     at toString (<anonymous>),     at finish (C:\Users\ashok.mahendran\Desktop\Sample-Node\node_modules\winston\lib\winston\logger.js:189:7),     at done (C:\Users\ashok.mahendran\Desktop\Sample-Node\node_modules\winston\node_modules\async\lib\async.js:167:19),     at C:\Users\ashok.mahendran\Desktop\Sample-Node\node_modules\winston\node_modules\async\lib\async.js:40:16,     at C:\Users\ashok.mahendran\Desktop\Sample-Node\node_modules\winston\lib\winston\logger.js:242:7,     at C:\Users\ashok.mahendran\Desktop\Sample-Node\node_modules\winston\lib\winston\transports\file.js:204:7,     at _combinedTickCallback (internal/process/next_tick.js:131:7),     at process._tickCallback (internal/process/next_tick.js:180:9)]
2018-05-08T04:12:40.475Z - error: uncaughtException: this.logger is not a function date=Tue May 08 2018 09:42:40 GMT+0530 (India Standard Time), pid=7644, uid=null, gid=null, cwd=C:\Users\ashok.mahendran\Desktop\Sample-Node, execPath=C:\Program Files\nodejs\node.exe, version=v8.11.1, argv=[C:\Program Files\nodejs\node.exe, C:\Users\ashok.mahendran\Desktop\Sample-Node\app.js], rss=47648768, heapTotal=32849920, heapUsed=19217640, external=18053407, loadavg=[0, 0, 0], uptime=52554.3457498, trace=[column=19, file=C:\Users\ashok.mahendran\Desktop\Sample-Node\app.js, function=null, line=16, method=null, native=false, column=30, file=module.js, function=Module._compile, line=652, method=_compile, native=false, column=10, file=module.js, function=Module._extensions..js, line=663, method=.js, native=false, column=32, file=module.js, function=Module.load, line=565, method=load, native=false, column=12, file=module.js, function=tryModuleLoad, line=505, method=null, native=false, column=3, file=module.js, function=Module._load, line=497, method=_load, native=false, column=10, file=module.js, function=Module.runMain, line=693, method=runMain, native=false, column=16, file=bootstrap_node.js, function=startup, line=188, method=null, native=false, column=3, file=bootstrap_node.js, function=null, line=609, method=null, native=false], stack=[TypeError: this.logger is not a function,     at Object.<anonymous> (C:\Users\ashok.mahendran\Desktop\Sample-Node\app.js:16:19),     at Module._compile (module.js:652:30),     at Object.Module._extensions..js (module.js:663:10),     at Module.load (module.js:565:32),     at tryModuleLoad (module.js:505:12),     at Function.Module._load (module.js:497:3),     at Function.Module.runMain (module.js:693:10),     at startup (bootstrap_node.js:188:16),     at bootstrap_node.js:609:3]
2018-05-08T04:12:50.026Z - error: uncaughtException: Function.prototype.toString requires that 'this' be a Function date=Tue May 08 2018 09:42:49 GMT+0530 (India Standard Time), pid=5020, uid=null, gid=null, cwd=C:\Users\ashok.mahendran\Desktop\Sample-Node, execPath=C:\Program Files\nodejs\node.exe, version=v8.11.1, argv=[C:\Program Files\nodejs\node.exe, C:\Users\ashok.mahendran\Desktop\Sample-Node\app.js], rss=49504256, heapTotal=33898496, heapUsed=15764224, external=18091949, loadavg=[0, 0, 0], uptime=52563.8967498, trace=[column=null, file=null, function=toString, line=null, method=null, native=false, column=7, file=C:\Users\ashok.mahendran\Desktop\Sample-Node\node_modules\winston\lib\winston\logger.js, function=finish, line=189, method=null, native=false, column=19, file=C:\Users\ashok.mahendran\Desktop\Sample-Node\node_modules\winston\node_modules\async\lib\async.js, function=done, line=167, method=null, native=false, column=16, file=C:\Users\ashok.mahendran\Desktop\Sample-Node\node_modules\winston\node_modules\async\lib\async.js, function=null, line=40, method=null, native=false, column=7, file=C:\Users\ashok.mahendran\Desktop\Sample-Node\node_modules\winston\lib\winston\logger.js, function=null, line=242, method=null, native=false, column=7, file=C:\Users\ashok.mahendran\Desktop\Sample-Node\node_modules\winston\lib\winston\transports\file.js, function=null, line=204, method=null, native=false, column=7, file=internal/process/next_tick.js, function=_combinedTickCallback, line=131, method=null, native=false, column=9, file=internal/process/next_tick.js, function=process._tickCallback, line=180, method=_tickCallback, native=false], stack=[TypeError: Function.prototype.toString requires that 'this' be a Function,     at toString (<anonymous>),     at finish (C:\Users\ashok.mahendran\Desktop\Sample-Node\node_modules\winston\lib\winston\logger.js:189:7),     at done (C:\Users\ashok.mahendran\Desktop\Sample-Node\node_modules\winston\node_modules\async\lib\async.js:167:19),     at C:\Users\ashok.mahendran\Desktop\Sample-Node\node_modules\winston\node_modules\async\lib\async.js:40:16,     at C:\Users\ashok.mahendran\Desktop\Sample-Node\node_modules\winston\lib\winston\logger.js:242:7,     at C:\Users\ashok.mahendran\Desktop\Sample-Node\node_modules\winston\lib\winston\transports\file.js:204:7,     at _combinedTickCallback (internal/process/next_tick.js:131:7),     at process._tickCallback (internal/process/next_tick.js:180:9)]
2018-05-08T04:13:03.639Z - error: uncaughtException: Cannot set property '_startAt' of null date=Tue May 08 2018 09:43:03 GMT+0530 (India Standard Time), pid=6644, uid=null, gid=null, cwd=C:\Users\ashok.mahendran\Desktop\Sample-Node, execPath=C:\Program Files\nodejs\node.exe, version=v8.11.1, argv=[C:\Program Files\nodejs\node.exe, C:\Users\ashok.mahendran\Desktop\Sample-Node\app.js], rss=49623040, heapTotal=34422784, heapUsed=15737896, external=18091949, loadavg=[0, 0, 0], uptime=52577.5097498, trace=[column=18, file=C:\Users\ashok.mahendran\Desktop\Sample-Node\node_modules\morgan\index.js, function=logger, line=105, method=null, native=false, column=7, file=C:\Users\ashok.mahendran\Desktop\Sample-Node\node_modules\winston\lib\winston\logger.js, function=finish, line=189, method=null, native=false, column=19, file=C:\Users\ashok.mahendran\Desktop\Sample-Node\node_modules\winston\node_modules\async\lib\async.js, function=done, line=167, method=null, native=false, column=16, file=C:\Users\ashok.mahendran\Desktop\Sample-Node\node_modules\winston\node_modules\async\lib\async.js, function=null, line=40, method=null, native=false, column=7, file=C:\Users\ashok.mahendran\Desktop\Sample-Node\node_modules\winston\lib\winston\logger.js, function=null, line=242, method=null, native=false, column=7, file=C:\Users\ashok.mahendran\Desktop\Sample-Node\node_modules\winston\lib\winston\transports\file.js, function=null, line=204, method=null, native=false, column=7, file=internal/process/next_tick.js, function=_combinedTickCallback, line=131, method=null, native=false, column=9, file=internal/process/next_tick.js, function=process._tickCallback, line=180, method=_tickCallback, native=false], stack=[TypeError: Cannot set property '_startAt' of null,     at logger (C:\Users\ashok.mahendran\Desktop\Sample-Node\node_modules\morgan\index.js:105:18),     at finish (C:\Users\ashok.mahendran\Desktop\Sample-Node\node_modules\winston\lib\winston\logger.js:189:7),     at done (C:\Users\ashok.mahendran\Desktop\Sample-Node\node_modules\winston\node_modules\async\lib\async.js:167:19),     at C:\Users\ashok.mahendran\Desktop\Sample-Node\node_modules\winston\node_modules\async\lib\async.js:40:16,     at C:\Users\ashok.mahendran\Desktop\Sample-Node\node_modules\winston\lib\winston\logger.js:242:7,     at C:\Users\ashok.mahendran\Desktop\Sample-Node\node_modules\winston\lib\winston\transports\file.js:204:7,     at _combinedTickCallback (internal/process/next_tick.js:131:7),     at process._tickCallback (internal/process/next_tick.js:180:9)]
2018-05-08T04:13:12.081Z - error: uncaughtException: Cannot set property '_startAt' of null date=Tue May 08 2018 09:43:12 GMT+0530 (India Standard Time), pid=7540, uid=null, gid=null, cwd=C:\Users\ashok.mahendran\Desktop\Sample-Node, execPath=C:\Program Files\nodejs\node.exe, version=v8.11.1, argv=[C:\Program Files\nodejs\node.exe, C:\Users\ashok.mahendran\Desktop\Sample-Node\app.js], rss=48803840, heapTotal=33898496, heapUsed=15784720, external=18091949, loadavg=[0, 0, 0], uptime=52585.9517498, trace=[column=18, file=C:\Users\ashok.mahendran\Desktop\Sample-Node\node_modules\morgan\index.js, function=logger, line=105, method=null, native=false, column=7, file=C:\Users\ashok.mahendran\Desktop\Sample-Node\node_modules\winston\lib\winston\logger.js, function=finish, line=189, method=null, native=false, column=19, file=C:\Users\ashok.mahendran\Desktop\Sample-Node\node_modules\winston\node_modules\async\lib\async.js, function=done, line=167, method=null, native=false, column=16, file=C:\Users\ashok.mahendran\Desktop\Sample-Node\node_modules\winston\node_modules\async\lib\async.js, function=null, line=40, method=null, native=false, column=7, file=C:\Users\ashok.mahendran\Desktop\Sample-Node\node_modules\winston\lib\winston\logger.js, function=null, line=242, method=null, native=false, column=7, file=C:\Users\ashok.mahendran\Desktop\Sample-Node\node_modules\winston\lib\winston\transports\file.js, function=null, line=204, method=null, native=false, column=7, file=internal/process/next_tick.js, function=_combinedTickCallback, line=131, method=null, native=false, column=9, file=internal/process/next_tick.js, function=process._tickCallback, line=180, method=_tickCallback, native=false], stack=[TypeError: Cannot set property '_startAt' of null,     at logger (C:\Users\ashok.mahendran\Desktop\Sample-Node\node_modules\morgan\index.js:105:18),     at finish (C:\Users\ashok.mahendran\Desktop\Sample-Node\node_modules\winston\lib\winston\logger.js:189:7),     at done (C:\Users\ashok.mahendran\Desktop\Sample-Node\node_modules\winston\node_modules\async\lib\async.js:167:19),     at C:\Users\ashok.mahendran\Desktop\Sample-Node\node_modules\winston\node_modules\async\lib\async.js:40:16,     at C:\Users\ashok.mahendran\Desktop\Sample-Node\node_modules\winston\lib\winston\logger.js:242:7,     at C:\Users\ashok.mahendran\Desktop\Sample-Node\node_modules\winston\lib\winston\transports\file.js:204:7,     at _combinedTickCallback (internal/process/next_tick.js:131:7),     at process._tickCallback (internal/process/next_tick.js:180:9)]
2018-05-08T04:25:42.693Z - error: uncaughtException: Unexpected token ) date=Tue May 08 2018 09:55:42 GMT+0530 (India Standard Time), pid=7444, uid=null, gid=null, cwd=C:\Users\ashok.mahendran\Desktop\Sample-Node, execPath=C:\Program Files\nodejs\node.exe, version=v8.11.1, argv=[C:\Program Files\nodejs\node.exe, C:\Users\ashok.mahendran\Desktop\Sample-Node\app.js], rss=48705536, heapTotal=32849920, heapUsed=20275360, external=18211747, loadavg=[0, 0, 0], uptime=53336.5637498, trace=[column=10, file=vm.js, function=createScript, line=80, method=null, native=false, column=10, file=vm.js, function=Object.runInThisContext, line=139, method=runInThisContext, native=false, column=28, file=module.js, function=Module._compile, line=616, method=_compile, native=false, column=10, file=module.js, function=Module._extensions..js, line=663, method=.js, native=false, column=32, file=module.js, function=Module.load, line=565, method=load, native=false, column=12, file=module.js, function=tryModuleLoad, line=505, method=null, native=false, column=3, file=module.js, function=Module._load, line=497, method=_load, native=false, column=17, file=module.js, function=Module.require, line=596, method=require, native=false, column=18, file=internal/module.js, function=require, line=11, method=null, native=false, column=16, file=C:\Users\ashok.mahendran\Desktop\Sample-Node\routes\routes.js, function=module.exports, line=3, method=exports, native=false, column=30, file=C:\Users\ashok.mahendran\Desktop\Sample-Node\app.js, function=null, line=41, method=null, native=false, column=30, file=module.js, function=Module._compile, line=652, method=_compile, native=false, column=10, file=module.js, function=Module._extensions..js, line=663, method=.js, native=false, column=32, file=module.js, function=Module.load, line=565, method=load, native=false, column=12, file=module.js, function=tryModuleLoad, line=505, method=null, native=false, column=3, file=module.js, function=Module._load, line=497, method=_load, native=false], stack=[C:\Users\ashok.mahendran\Desktop\Sample-Node\controllers\authenticationcontroller.js:52,       });,        ^, , SyntaxError: Unexpected token ),     at createScript (vm.js:80:10),     at Object.runInThisContext (vm.js:139:10),     at Module._compile (module.js:616:28),     at Object.Module._extensions..js (module.js:663:10),     at Module.load (module.js:565:32),     at tryModuleLoad (module.js:505:12),     at Function.Module._load (module.js:497:3),     at Module.require (module.js:596:17),     at require (internal/module.js:11:18),     at module.exports (C:\Users\ashok.mahendran\Desktop\Sample-Node\routes\routes.js:3:16),     at Object.<anonymous> (C:\Users\ashok.mahendran\Desktop\Sample-Node\app.js:41:30),     at Module._compile (module.js:652:30),     at Object.Module._extensions..js (module.js:663:10),     at Module.load (module.js:565:32),     at tryModuleLoad (module.js:505:12),     at Function.Module._load (module.js:497:3)]
2018-05-08T04:26:33.385Z - error: uncaughtException: Unexpected end of input date=Tue May 08 2018 09:56:33 GMT+0530 (India Standard Time), pid=6304, uid=null, gid=null, cwd=C:\Users\ashok.mahendran\Desktop\Sample-Node, execPath=C:\Program Files\nodejs\node.exe, version=v8.11.1, argv=[C:\Program Files\nodejs\node.exe, C:\Users\ashok.mahendran\Desktop\Sample-Node\app.js], rss=48496640, heapTotal=32849920, heapUsed=20016392, external=18211747, loadavg=[0, 0, 0], uptime=53387.2547498, trace=[column=10, file=vm.js, function=createScript, line=80, method=null, native=false, column=10, file=vm.js, function=Object.runInThisContext, line=139, method=runInThisContext, native=false, column=28, file=module.js, function=Module._compile, line=616, method=_compile, native=false, column=10, file=module.js, function=Module._extensions..js, line=663, method=.js, native=false, column=32, file=module.js, function=Module.load, line=565, method=load, native=false, column=12, file=module.js, function=tryModuleLoad, line=505, method=null, native=false, column=3, file=module.js, function=Module._load, line=497, method=_load, native=false, column=17, file=module.js, function=Module.require, line=596, method=require, native=false, column=18, file=internal/module.js, function=require, line=11, method=null, native=false, column=16, file=C:\Users\ashok.mahendran\Desktop\Sample-Node\routes\routes.js, function=module.exports, line=3, method=exports, native=false, column=30, file=C:\Users\ashok.mahendran\Desktop\Sample-Node\app.js, function=null, line=41, method=null, native=false, column=30, file=module.js, function=Module._compile, line=652, method=_compile, native=false, column=10, file=module.js, function=Module._extensions..js, line=663, method=.js, native=false, column=32, file=module.js, function=Module.load, line=565, method=load, native=false, column=12, file=module.js, function=tryModuleLoad, line=505, method=null, native=false, column=3, file=module.js, function=Module._load, line=497, method=_load, native=false], stack=[C:\Users\ashok.mahendran\Desktop\Sample-Node\controllers\authenticationcontroller.js:54, });,   ^, , SyntaxError: Unexpected end of input,     at createScript (vm.js:80:10),     at Object.runInThisContext (vm.js:139:10),     at Module._compile (module.js:616:28),     at Object.Module._extensions..js (module.js:663:10),     at Module.load (module.js:565:32),     at tryModuleLoad (module.js:505:12),     at Function.Module._load (module.js:497:3),     at Module.require (module.js:596:17),     at require (internal/module.js:11:18),     at module.exports (C:\Users\ashok.mahendran\Desktop\Sample-Node\routes\routes.js:3:16),     at Object.<anonymous> (C:\Users\ashok.mahendran\Desktop\Sample-Node\app.js:41:30),     at Module._compile (module.js:652:30),     at Object.Module._extensions..js (module.js:663:10),     at Module.load (module.js:565:32),     at tryModuleLoad (module.js:505:12),     at Function.Module._load (module.js:497:3)]
2018-05-08T04:26:50.156Z - error: uncaughtException: missing ) after argument list date=Tue May 08 2018 09:56:50 GMT+0530 (India Standard Time), pid=8888, uid=null, gid=null, cwd=C:\Users\ashok.mahendran\Desktop\Sample-Node, execPath=C:\Program Files\nodejs\node.exe, version=v8.11.1, argv=[C:\Program Files\nodejs\node.exe, C:\Users\ashok.mahendran\Desktop\Sample-Node\app.js], rss=48676864, heapTotal=32849920, heapUsed=20276240, external=18091949, loadavg=[0, 0, 0], uptime=53404.0267498, trace=[column=10, file=vm.js, function=createScript, line=80, method=null, native=false, column=10, file=vm.js, function=Object.runInThisContext, line=139, method=runInThisContext, native=false, column=28, file=module.js, function=Module._compile, line=616, method=_compile, native=false, column=10, file=module.js, function=Module._extensions..js, line=663, method=.js, native=false, column=32, file=module.js, function=Module.load, line=565, method=load, native=false, column=12, file=module.js, function=tryModuleLoad, line=505, method=null, native=false, column=3, file=module.js, function=Module._load, line=497, method=_load, native=false, column=17, file=module.js, function=Module.require, line=596, method=require, native=false, column=18, file=internal/module.js, function=require, line=11, method=null, native=false, column=16, file=C:\Users\ashok.mahendran\Desktop\Sample-Node\routes\routes.js, function=module.exports, line=3, method=exports, native=false, column=30, file=C:\Users\ashok.mahendran\Desktop\Sample-Node\app.js, function=null, line=41, method=null, native=false, column=30, file=module.js, function=Module._compile, line=652, method=_compile, native=false, column=10, file=module.js, function=Module._extensions..js, line=663, method=.js, native=false, column=32, file=module.js, function=Module.load, line=565, method=load, native=false, column=12, file=module.js, function=tryModuleLoad, line=505, method=null, native=false, column=3, file=module.js, function=Module._load, line=497, method=_load, native=false], stack=[C:\Users\ashok.mahendran\Desktop\Sample-Node\controllers\authenticationcontroller.js:51,             } ,             ^, , SyntaxError: missing ) after argument list,     at createScript (vm.js:80:10),     at Object.runInThisContext (vm.js:139:10),     at Module._compile (module.js:616:28),     at Object.Module._extensions..js (module.js:663:10),     at Module.load (module.js:565:32),     at tryModuleLoad (module.js:505:12),     at Function.Module._load (module.js:497:3),     at Module.require (module.js:596:17),     at require (internal/module.js:11:18),     at module.exports (C:\Users\ashok.mahendran\Desktop\Sample-Node\routes\routes.js:3:16),     at Object.<anonymous> (C:\Users\ashok.mahendran\Desktop\Sample-Node\app.js:41:30),     at Module._compile (module.js:652:30),     at Object.Module._extensions..js (module.js:663:10),     at Module.load (module.js:565:32),     at tryModuleLoad (module.js:505:12),     at Function.Module._load (module.js:497:3)]
2018-05-08T04:26:59.466Z - error: uncaughtException: missing ) after argument list date=Tue May 08 2018 09:56:59 GMT+0530 (India Standard Time), pid=8476, uid=null, gid=null, cwd=C:\Users\ashok.mahendran\Desktop\Sample-Node, execPath=C:\Program Files\nodejs\node.exe, version=v8.11.1, argv=[C:\Program Files\nodejs\node.exe, C:\Users\ashok.mahendran\Desktop\Sample-Node\app.js], rss=49012736, heapTotal=32849920, heapUsed=20276056, external=18091949, loadavg=[0, 0, 0], uptime=53413.3357498, trace=[column=10, file=vm.js, function=createScript, line=80, method=null, native=false, column=10, file=vm.js, function=Object.runInThisContext, line=139, method=runInThisContext, native=false, column=28, file=module.js, function=Module._compile, line=616, method=_compile, native=false, column=10, file=module.js, function=Module._extensions..js, line=663, method=.js, native=false, column=32, file=module.js, function=Module.load, line=565, method=load, native=false, column=12, file=module.js, function=tryModuleLoad, line=505, method=null, native=false, column=3, file=module.js, function=Module._load, line=497, method=_load, native=false, column=17, file=module.js, function=Module.require, line=596, method=require, native=false, column=18, file=internal/module.js, function=require, line=11, method=null, native=false, column=16, file=C:\Users\ashok.mahendran\Desktop\Sample-Node\routes\routes.js, function=module.exports, line=3, method=exports, native=false, column=30, file=C:\Users\ashok.mahendran\Desktop\Sample-Node\app.js, function=null, line=41, method=null, native=false, column=30, file=module.js, function=Module._compile, line=652, method=_compile, native=false, column=10, file=module.js, function=Module._extensions..js, line=663, method=.js, native=false, column=32, file=module.js, function=Module.load, line=565, method=load, native=false, column=12, file=module.js, function=tryModuleLoad, line=505, method=null, native=false, column=3, file=module.js, function=Module._load, line=497, method=_load, native=false], stack=[C:\Users\ashok.mahendran\Desktop\Sample-Node\controllers\authenticationcontroller.js:51,             } ,             ^, , SyntaxError: missing ) after argument list,     at createScript (vm.js:80:10),     at Object.runInThisContext (vm.js:139:10),     at Module._compile (module.js:616:28),     at Object.Module._extensions..js (module.js:663:10),     at Module.load (module.js:565:32),     at tryModuleLoad (module.js:505:12),     at Function.Module._load (module.js:497:3),     at Module.require (module.js:596:17),     at require (internal/module.js:11:18),     at module.exports (C:\Users\ashok.mahendran\Desktop\Sample-Node\routes\routes.js:3:16),     at Object.<anonymous> (C:\Users\ashok.mahendran\Desktop\Sample-Node\app.js:41:30),     at Module._compile (module.js:652:30),     at Object.Module._extensions..js (module.js:663:10),     at Module.load (module.js:565:32),     at tryModuleLoad (module.js:505:12),     at Function.Module._load (module.js:497:3)]
2018-05-08T04:27:17.583Z - error: uncaughtException: missing ) after argument list date=Tue May 08 2018 09:57:17 GMT+0530 (India Standard Time), pid=4976, uid=null, gid=null, cwd=C:\Users\ashok.mahendran\Desktop\Sample-Node, execPath=C:\Program Files\nodejs\node.exe, version=v8.11.1, argv=[C:\Program Files\nodejs\node.exe, C:\Users\ashok.mahendran\Desktop\Sample-Node\app.js], rss=48988160, heapTotal=33898496, heapUsed=20275832, external=18091949, loadavg=[0, 0, 0], uptime=53431.4527498, trace=[column=10, file=vm.js, function=createScript, line=80, method=null, native=false, column=10, file=vm.js, function=Object.runInThisContext, line=139, method=runInThisContext, native=false, column=28, file=module.js, function=Module._compile, line=616, method=_compile, native=false, column=10, file=module.js, function=Module._extensions..js, line=663, method=.js, native=false, column=32, file=module.js, function=Module.load, line=565, method=load, native=false, column=12, file=module.js, function=tryModuleLoad, line=505, method=null, native=false, column=3, file=module.js, function=Module._load, line=497, method=_load, native=false, column=17, file=module.js, function=Module.require, line=596, method=require, native=false, column=18, file=internal/module.js, function=require, line=11, method=null, native=false, column=16, file=C:\Users\ashok.mahendran\Desktop\Sample-Node\routes\routes.js, function=module.exports, line=3, method=exports, native=false, column=30, file=C:\Users\ashok.mahendran\Desktop\Sample-Node\app.js, function=null, line=41, method=null, native=false, column=30, file=module.js, function=Module._compile, line=652, method=_compile, native=false, column=10, file=module.js, function=Module._extensions..js, line=663, method=.js, native=false, column=32, file=module.js, function=Module.load, line=565, method=load, native=false, column=12, file=module.js, function=tryModuleLoad, line=505, method=null, native=false, column=3, file=module.js, function=Module._load, line=497, method=_load, native=false], stack=[C:\Users\ashok.mahendran\Desktop\Sample-Node\controllers\authenticationcontroller.js:51,             },             ^, , SyntaxError: missing ) after argument list,     at createScript (vm.js:80:10),     at Object.runInThisContext (vm.js:139:10),     at Module._compile (module.js:616:28),     at Object.Module._extensions..js (module.js:663:10),     at Module.load (module.js:565:32),     at tryModuleLoad (module.js:505:12),     at Function.Module._load (module.js:497:3),     at Module.require (module.js:596:17),     at require (internal/module.js:11:18),     at module.exports (C:\Users\ashok.mahendran\Desktop\Sample-Node\routes\routes.js:3:16),     at Object.<anonymous> (C:\Users\ashok.mahendran\Desktop\Sample-Node\app.js:41:30),     at Module._compile (module.js:652:30),     at Object.Module._extensions..js (module.js:663:10),     at Module.load (module.js:565:32),     at tryModuleLoad (module.js:505:12),     at Function.Module._load (module.js:497:3)]
2018-05-08T06:28:35.800Z - error: uncaughtException: Unexpected token : date=Tue May 08 2018 11:58:35 GMT+0530 (India Standard Time), pid=3160, uid=null, gid=null, cwd=C:\Users\ashok.mahendran\Desktop\Sample-Node, execPath=C:\Program Files\nodejs\node.exe, version=v8.11.1, argv=[C:\Program Files\nodejs\node.exe, C:\Users\ashok.mahendran\Desktop\Sample-Node\app.js], rss=47923200, heapTotal=32849920, heapUsed=19418240, external=18061599, loadavg=[0, 0, 0], uptime=60709.6707067, trace=[column=10, file=vm.js, function=createScript, line=80, method=null, native=false, column=10, file=vm.js, function=Object.runInThisContext, line=139, method=runInThisContext, native=false, column=28, file=module.js, function=Module._compile, line=616, method=_compile, native=false, column=10, file=module.js, function=Module._extensions..js, line=663, method=.js, native=false, column=32, file=module.js, function=Module.load, line=565, method=load, native=false, column=12, file=module.js, function=tryModuleLoad, line=505, method=null, native=false, column=3, file=module.js, function=Module._load, line=497, method=_load, native=false, column=17, file=module.js, function=Module.require, line=596, method=require, native=false, column=18, file=internal/module.js, function=require, line=11, method=null, native=false, column=22, file=C:\Users\ashok.mahendran\Desktop\Sample-Node\routes\routes.js, function=module.exports, line=2, method=exports, native=false, column=30, file=C:\Users\ashok.mahendran\Desktop\Sample-Node\app.js, function=null, line=41, method=null, native=false, column=30, file=module.js, function=Module._compile, line=652, method=_compile, native=false, column=10, file=module.js, function=Module._extensions..js, line=663, method=.js, native=false, column=32, file=module.js, function=Module.load, line=565, method=load, native=false, column=12, file=module.js, function=tryModuleLoad, line=505, method=null, native=false, column=3, file=module.js, function=Module._load, line=497, method=_load, native=false], stack=[C:\Users\ashok.mahendran\Desktop\Sample-Node\controllers\controller.js:82,     let userid:req.query.userid,               ^, , SyntaxError: Unexpected token :,     at createScript (vm.js:80:10),     at Object.runInThisContext (vm.js:139:10),     at Module._compile (module.js:616:28),     at Object.Module._extensions..js (module.js:663:10),     at Module.load (module.js:565:32),     at tryModuleLoad (module.js:505:12),     at Function.Module._load (module.js:497:3),     at Module.require (module.js:596:17),     at require (internal/module.js:11:18),     at module.exports (C:\Users\ashok.mahendran\Desktop\Sample-Node\routes\routes.js:2:22),     at Object.<anonymous> (C:\Users\ashok.mahendran\Desktop\Sample-Node\app.js:41:30),     at Module._compile (module.js:652:30),     at Object.Module._extensions..js (module.js:663:10),     at Module.load (module.js:565:32),     at tryModuleLoad (module.js:505:12),     at Function.Module._load (module.js:497:3)]
2018-05-08T06:34:24.450Z - error: uncaughtException: missing ) after argument list date=Tue May 08 2018 12:04:24 GMT+0530 (India Standard Time), pid=5232, uid=null, gid=null, cwd=C:\Users\ashok.mahendran\Desktop\Sample-Node, execPath=C:\Program Files\nodejs\node.exe, version=v8.11.1, argv=[C:\Program Files\nodejs\node.exe, C:\Users\ashok.mahendran\Desktop\Sample-Node\app.js], rss=48644096, heapTotal=32849920, heapUsed=19697008, external=18061599, loadavg=[0, 0, 0], uptime=61058.3195681, trace=[column=10, file=vm.js, function=createScript, line=80, method=null, native=false, column=10, file=vm.js, function=Object.runInThisContext, line=139, method=runInThisContext, native=false, column=28, file=module.js, function=Module._compile, line=616, method=_compile, native=false, column=10, file=module.js, function=Module._extensions..js, line=663, method=.js, native=false, column=32, file=module.js, function=Module.load, line=565, method=load, native=false, column=12, file=module.js, function=tryModuleLoad, line=505, method=null, native=false, column=3, file=module.js, function=Module._load, line=497, method=_load, native=false, column=17, file=module.js, function=Module.require, line=596, method=require, native=false, column=18, file=internal/module.js, function=require, line=11, method=null, native=false, column=17, file=C:\Users\ashok.mahendran\Desktop\Sample-Node\controllers\controller.js, function=null, line=5, method=null, native=false, column=30, file=module.js, function=Module._compile, line=652, method=_compile, native=false, column=10, file=module.js, function=Module._extensions..js, line=663, method=.js, native=false, column=32, file=module.js, function=Module.load, line=565, method=load, native=false, column=12, file=module.js, function=tryModuleLoad, line=505, method=null, native=false, column=3, file=module.js, function=Module._load, line=497, method=_load, native=false, column=17, file=module.js, function=Module.require, line=596, method=require, native=false], stack=[C:\Users\ashok.mahendran\Desktop\Sample-Node\utilities\utilities.js:25, }, ^, , SyntaxError: missing ) after argument list,     at createScript (vm.js:80:10),     at Object.runInThisContext (vm.js:139:10),     at Module._compile (module.js:616:28),     at Object.Module._extensions..js (module.js:663:10),     at Module.load (module.js:565:32),     at tryModuleLoad (module.js:505:12),     at Function.Module._load (module.js:497:3),     at Module.require (module.js:596:17),     at require (internal/module.js:11:18),     at Object.<anonymous> (C:\Users\ashok.mahendran\Desktop\Sample-Node\controllers\controller.js:5:17),     at Module._compile (module.js:652:30),     at Object.Module._extensions..js (module.js:663:10),     at Module.load (module.js:565:32),     at tryModuleLoad (module.js:505:12),     at Function.Module._load (module.js:497:3),     at Module.require (module.js:596:17)]
2018-05-08T06:34:37.153Z - error: uncaughtException: missing ) after argument list date=Tue May 08 2018 12:04:37 GMT+0530 (India Standard Time), pid=9168, uid=null, gid=null, cwd=C:\Users\ashok.mahendran\Desktop\Sample-Node, execPath=C:\Program Files\nodejs\node.exe, version=v8.11.1, argv=[C:\Program Files\nodejs\node.exe, C:\Users\ashok.mahendran\Desktop\Sample-Node\app.js], rss=47886336, heapTotal=34422784, heapUsed=19457768, external=18061599, loadavg=[0, 0, 0], uptime=61071.0238384, trace=[column=10, file=vm.js, function=createScript, line=80, method=null, native=false, column=10, file=vm.js, function=Object.runInThisContext, line=139, method=runInThisContext, native=false, column=28, file=module.js, function=Module._compile, line=616, method=_compile, native=false, column=10, file=module.js, function=Module._extensions..js, line=663, method=.js, native=false, column=32, file=module.js, function=Module.load, line=565, method=load, native=false, column=12, file=module.js, function=tryModuleLoad, line=505, method=null, native=false, column=3, file=module.js, function=Module._load, line=497, method=_load, native=false, column=17, file=module.js, function=Module.require, line=596, method=require, native=false, column=18, file=internal/module.js, function=require, line=11, method=null, native=false, column=17, file=C:\Users\ashok.mahendran\Desktop\Sample-Node\controllers\controller.js, function=null, line=5, method=null, native=false, column=30, file=module.js, function=Module._compile, line=652, method=_compile, native=false, column=10, file=module.js, function=Module._extensions..js, line=663, method=.js, native=false, column=32, file=module.js, function=Module.load, line=565, method=load, native=false, column=12, file=module.js, function=tryModuleLoad, line=505, method=null, native=false, column=3, file=module.js, function=Module._load, line=497, method=_load, native=false, column=17, file=module.js, function=Module.require, line=596, method=require, native=false], stack=[C:\Users\ashok.mahendran\Desktop\Sample-Node\utilities\utilities.js:25, }, ^, , SyntaxError: missing ) after argument list,     at createScript (vm.js:80:10),     at Object.runInThisContext (vm.js:139:10),     at Module._compile (module.js:616:28),     at Object.Module._extensions..js (module.js:663:10),     at Module.load (module.js:565:32),     at tryModuleLoad (module.js:505:12),     at Function.Module._load (module.js:497:3),     at Module.require (module.js:596:17),     at require (internal/module.js:11:18),     at Object.<anonymous> (C:\Users\ashok.mahendran\Desktop\Sample-Node\controllers\controller.js:5:17),     at Module._compile (module.js:652:30),     at Object.Module._extensions..js (module.js:663:10),     at Module.load (module.js:565:32),     at tryModuleLoad (module.js:505:12),     at Function.Module._load (module.js:497:3),     at Module.require (module.js:596:17)]
2018-05-08T06:34:44.919Z - error: uncaughtException: missing ) after argument list date=Tue May 08 2018 12:04:44 GMT+0530 (India Standard Time), pid=9096, uid=null, gid=null, cwd=C:\Users\ashok.mahendran\Desktop\Sample-Node, execPath=C:\Program Files\nodejs\node.exe, version=v8.11.1, argv=[C:\Program Files\nodejs\node.exe, C:\Users\ashok.mahendran\Desktop\Sample-Node\app.js], rss=47550464, heapTotal=32849920, heapUsed=19434224, external=18061599, loadavg=[0, 0, 0], uptime=61078.7886148, trace=[column=10, file=vm.js, function=createScript, line=80, method=null, native=false, column=10, file=vm.js, function=Object.runInThisContext, line=139, method=runInThisContext, native=false, column=28, file=module.js, function=Module._compile, line=616, method=_compile, native=false, column=10, file=module.js, function=Module._extensions..js, line=663, method=.js, native=false, column=32, file=module.js, function=Module.load, line=565, method=load, native=false, column=12, file=module.js, function=tryModuleLoad, line=505, method=null, native=false, column=3, file=module.js, function=Module._load, line=497, method=_load, native=false, column=17, file=module.js, function=Module.require, line=596, method=require, native=false, column=18, file=internal/module.js, function=require, line=11, method=null, native=false, column=17, file=C:\Users\ashok.mahendran\Desktop\Sample-Node\controllers\controller.js, function=null, line=5, method=null, native=false, column=30, file=module.js, function=Module._compile, line=652, method=_compile, native=false, column=10, file=module.js, function=Module._extensions..js, line=663, method=.js, native=false, column=32, file=module.js, function=Module.load, line=565, method=load, native=false, column=12, file=module.js, function=tryModuleLoad, line=505, method=null, native=false, column=3, file=module.js, function=Module._load, line=497, method=_load, native=false, column=17, file=module.js, function=Module.require, line=596, method=require, native=false], stack=[C:\Users\ashok.mahendran\Desktop\Sample-Node\utilities\utilities.js:25, }, ^, , SyntaxError: missing ) after argument list,     at createScript (vm.js:80:10),     at Object.runInThisContext (vm.js:139:10),     at Module._compile (module.js:616:28),     at Object.Module._extensions..js (module.js:663:10),     at Module.load (module.js:565:32),     at tryModuleLoad (module.js:505:12),     at Function.Module._load (module.js:497:3),     at Module.require (module.js:596:17),     at require (internal/module.js:11:18),     at Object.<anonymous> (C:\Users\ashok.mahendran\Desktop\Sample-Node\controllers\controller.js:5:17),     at Module._compile (module.js:652:30),     at Object.Module._extensions..js (module.js:663:10),     at Module.load (module.js:565:32),     at tryModuleLoad (module.js:505:12),     at Function.Module._load (module.js:497:3),     at Module.require (module.js:596:17)]
2018-05-08T06:35:19.840Z - error: uncaughtException: Unexpected token } date=Tue May 08 2018 12:05:19 GMT+0530 (India Standard Time), pid=7048, uid=null, gid=null, cwd=C:\Users\ashok.mahendran\Desktop\Sample-Node, execPath=C:\Program Files\nodejs\node.exe, version=v8.11.1, argv=[C:\Program Files\nodejs\node.exe, C:\Users\ashok.mahendran\Desktop\Sample-Node\app.js], rss=48250880, heapTotal=33898496, heapUsed=19697960, external=18061599, loadavg=[0, 0, 0], uptime=61113.7111067, trace=[column=10, file=vm.js, function=createScript, line=80, method=null, native=false, column=10, file=vm.js, function=Object.runInThisContext, line=139, method=runInThisContext, native=false, column=28, file=module.js, function=Module._compile, line=616, method=_compile, native=false, column=10, file=module.js, function=Module._extensions..js, line=663, method=.js, native=false, column=32, file=module.js, function=Module.load, line=565, method=load, native=false, column=12, file=module.js, function=tryModuleLoad, line=505, method=null, native=false, column=3, file=module.js, function=Module._load, line=497, method=_load, native=false, column=17, file=module.js, function=Module.require, line=596, method=require, native=false, column=18, file=internal/module.js, function=require, line=11, method=null, native=false, column=17, file=C:\Users\ashok.mahendran\Desktop\Sample-Node\controllers\controller.js, function=null, line=5, method=null, native=false, column=30, file=module.js, function=Module._compile, line=652, method=_compile, native=false, column=10, file=module.js, function=Module._extensions..js, line=663, method=.js, native=false, column=32, file=module.js, function=Module.load, line=565, method=load, native=false, column=12, file=module.js, function=tryModuleLoad, line=505, method=null, native=false, column=3, file=module.js, function=Module._load, line=497, method=_load, native=false, column=17, file=module.js, function=Module.require, line=596, method=require, native=false], stack=[C:\Users\ashok.mahendran\Desktop\Sample-Node\utilities\utilities.js:28, });, ^, , SyntaxError: Unexpected token },     at createScript (vm.js:80:10),     at Object.runInThisContext (vm.js:139:10),     at Module._compile (module.js:616:28),     at Object.Module._extensions..js (module.js:663:10),     at Module.load (module.js:565:32),     at tryModuleLoad (module.js:505:12),     at Function.Module._load (module.js:497:3),     at Module.require (module.js:596:17),     at require (internal/module.js:11:18),     at Object.<anonymous> (C:\Users\ashok.mahendran\Desktop\Sample-Node\controllers\controller.js:5:17),     at Module._compile (module.js:652:30),     at Object.Module._extensions..js (module.js:663:10),     at Module.load (module.js:565:32),     at tryModuleLoad (module.js:505:12),     at Function.Module._load (module.js:497:3),     at Module.require (module.js:596:17)]
2018-05-08T06:35:32.048Z - error: uncaughtException: missing ) after argument list date=Tue May 08 2018 12:05:32 GMT+0530 (India Standard Time), pid=8596, uid=null, gid=null, cwd=C:\Users\ashok.mahendran\Desktop\Sample-Node, execPath=C:\Program Files\nodejs\node.exe, version=v8.11.1, argv=[C:\Program Files\nodejs\node.exe, C:\Users\ashok.mahendran\Desktop\Sample-Node\app.js], rss=47706112, heapTotal=32849920, heapUsed=19470096, external=18061599, loadavg=[0, 0, 0], uptime=61125.9183273, trace=[column=10, file=vm.js, function=createScript, line=80, method=null, native=false, column=10, file=vm.js, function=Object.runInThisContext, line=139, method=runInThisContext, native=false, column=28, file=module.js, function=Module._compile, line=616, method=_compile, native=false, column=10, file=module.js, function=Module._extensions..js, line=663, method=.js, native=false, column=32, file=module.js, function=Module.load, line=565, method=load, native=false, column=12, file=module.js, function=tryModuleLoad, line=505, method=null, native=false, column=3, file=module.js, function=Module._load, line=497, method=_load, native=false, column=17, file=module.js, function=Module.require, line=596, method=require, native=false, column=18, file=internal/module.js, function=require, line=11, method=null, native=false, column=17, file=C:\Users\ashok.mahendran\Desktop\Sample-Node\controllers\controller.js, function=null, line=5, method=null, native=false, column=30, file=module.js, function=Module._compile, line=652, method=_compile, native=false, column=10, file=module.js, function=Module._extensions..js, line=663, method=.js, native=false, column=32, file=module.js, function=Module.load, line=565, method=load, native=false, column=12, file=module.js, function=tryModuleLoad, line=505, method=null, native=false, column=3, file=module.js, function=Module._load, line=497, method=_load, native=false, column=17, file=module.js, function=Module.require, line=596, method=require, native=false], stack=[C:\Users\ashok.mahendran\Desktop\Sample-Node\utilities\utilities.js:25,     },     ^, , SyntaxError: missing ) after argument list,     at createScript (vm.js:80:10),     at Object.runInThisContext (vm.js:139:10),     at Module._compile (module.js:616:28),     at Object.Module._extensions..js (module.js:663:10),     at Module.load (module.js:565:32),     at tryModuleLoad (module.js:505:12),     at Function.Module._load (module.js:497:3),     at Module.require (module.js:596:17),     at require (internal/module.js:11:18),     at Object.<anonymous> (C:\Users\ashok.mahendran\Desktop\Sample-Node\controllers\controller.js:5:17),     at Module._compile (module.js:652:30),     at Object.Module._extensions..js (module.js:663:10),     at Module.load (module.js:565:32),     at tryModuleLoad (module.js:505:12),     at Function.Module._load (module.js:497:3),     at Module.require (module.js:596:17)]
2018-05-08T06:51:09.725Z - error: uncaughtException: Unexpected token { date=Tue May 08 2018 12:21:09 GMT+0530 (India Standard Time), pid=6780, uid=null, gid=null, cwd=C:\Users\ashok.mahendran\Desktop\Sample-Node, execPath=C:\Program Files\nodejs\node.exe, version=v8.11.1, argv=[C:\Program Files\nodejs\node.exe, C:\Users\ashok.mahendran\Desktop\Sample-Node\app.js], rss=48328704, heapTotal=34422784, heapUsed=19659680, external=18061599, loadavg=[0, 0, 0], uptime=62063.5950856, trace=[column=10, file=vm.js, function=createScript, line=80, method=null, native=false, column=10, file=vm.js, function=Object.runInThisContext, line=139, method=runInThisContext, native=false, column=28, file=module.js, function=Module._compile, line=616, method=_compile, native=false, column=10, file=module.js, function=Module._extensions..js, line=663, method=.js, native=false, column=32, file=module.js, function=Module.load, line=565, method=load, native=false, column=12, file=module.js, function=tryModuleLoad, line=505, method=null, native=false, column=3, file=module.js, function=Module._load, line=497, method=_load, native=false, column=17, file=module.js, function=Module.require, line=596, method=require, native=false, column=18, file=internal/module.js, function=require, line=11, method=null, native=false, column=22, file=C:\Users\ashok.mahendran\Desktop\Sample-Node\routes\routes.js, function=module.exports, line=2, method=exports, native=false, column=30, file=C:\Users\ashok.mahendran\Desktop\Sample-Node\app.js, function=null, line=41, method=null, native=false, column=30, file=module.js, function=Module._compile, line=652, method=_compile, native=false, column=10, file=module.js, function=Module._extensions..js, line=663, method=.js, native=false, column=32, file=module.js, function=Module.load, line=565, method=load, native=false, column=12, file=module.js, function=tryModuleLoad, line=505, method=null, native=false, column=3, file=module.js, function=Module._load, line=497, method=_load, native=false], stack=[C:\Users\ashok.mahendran\Desktop\Sample-Node\controllers\controller.js:60,     }).then(){,              ^, , SyntaxError: Unexpected token {,     at createScript (vm.js:80:10),     at Object.runInThisContext (vm.js:139:10),     at Module._compile (module.js:616:28),     at Object.Module._extensions..js (module.js:663:10),     at Module.load (module.js:565:32),     at tryModuleLoad (module.js:505:12),     at Function.Module._load (module.js:497:3),     at Module.require (module.js:596:17),     at require (internal/module.js:11:18),     at module.exports (C:\Users\ashok.mahendran\Desktop\Sample-Node\routes\routes.js:2:22),     at Object.<anonymous> (C:\Users\ashok.mahendran\Desktop\Sample-Node\app.js:41:30),     at Module._compile (module.js:652:30),     at Object.Module._extensions..js (module.js:663:10),     at Module.load (module.js:565:32),     at tryModuleLoad (module.js:505:12),     at Function.Module._load (module.js:497:3)]
2018-05-08T06:51:13.081Z - error: uncaughtException: Unexpected token { date=Tue May 08 2018 12:21:13 GMT+0530 (India Standard Time), pid=5268, uid=null, gid=null, cwd=C:\Users\ashok.mahendran\Desktop\Sample-Node, execPath=C:\Program Files\nodejs\node.exe, version=v8.11.1, argv=[C:\Program Files\nodejs\node.exe, C:\Users\ashok.mahendran\Desktop\Sample-Node\app.js], rss=48250880, heapTotal=33898496, heapUsed=19663536, external=18061599, loadavg=[0, 0, 0], uptime=62066.9504211, trace=[column=10, file=vm.js, function=createScript, line=80, method=null, native=false, column=10, file=vm.js, function=Object.runInThisContext, line=139, method=runInThisContext, native=false, column=28, file=module.js, function=Module._compile, line=616, method=_compile, native=false, column=10, file=module.js, function=Module._extensions..js, line=663, method=.js, native=false, column=32, file=module.js, function=Module.load, line=565, method=load, native=false, column=12, file=module.js, function=tryModuleLoad, line=505, method=null, native=false, column=3, file=module.js, function=Module._load, line=497, method=_load, native=false, column=17, file=module.js, function=Module.require, line=596, method=require, native=false, column=18, file=internal/module.js, function=require, line=11, method=null, native=false, column=22, file=C:\Users\ashok.mahendran\Desktop\Sample-Node\routes\routes.js, function=module.exports, line=2, method=exports, native=false, column=30, file=C:\Users\ashok.mahendran\Desktop\Sample-Node\app.js, function=null, line=41, method=null, native=false, column=30, file=module.js, function=Module._compile, line=652, method=_compile, native=false, column=10, file=module.js, function=Module._extensions..js, line=663, method=.js, native=false, column=32, file=module.js, function=Module.load, line=565, method=load, native=false, column=12, file=module.js, function=tryModuleLoad, line=505, method=null, native=false, column=3, file=module.js, function=Module._load, line=497, method=_load, native=false], stack=[C:\Users\ashok.mahendran\Desktop\Sample-Node\controllers\controller.js:60,     }).then(){,              ^, , SyntaxError: Unexpected token {,     at createScript (vm.js:80:10),     at Object.runInThisContext (vm.js:139:10),     at Module._compile (module.js:616:28),     at Object.Module._extensions..js (module.js:663:10),     at Module.load (module.js:565:32),     at tryModuleLoad (module.js:505:12),     at Function.Module._load (module.js:497:3),     at Module.require (module.js:596:17),     at require (internal/module.js:11:18),     at module.exports (C:\Users\ashok.mahendran\Desktop\Sample-Node\routes\routes.js:2:22),     at Object.<anonymous> (C:\Users\ashok.mahendran\Desktop\Sample-Node\app.js:41:30),     at Module._compile (module.js:652:30),     at Object.Module._extensions..js (module.js:663:10),     at Module.load (module.js:565:32),     at tryModuleLoad (module.js:505:12),     at Function.Module._load (module.js:497:3)]
2018-05-08T06:51:29.986Z - error: uncaughtException: Unexpected token new date=Tue May 08 2018 12:21:29 GMT+0530 (India Standard Time), pid=6780, uid=null, gid=null, cwd=C:\Users\ashok.mahendran\Desktop\Sample-Node, execPath=C:\Program Files\nodejs\node.exe, version=v8.11.1, argv=[C:\Program Files\nodejs\node.exe, C:\Users\ashok.mahendran\Desktop\Sample-Node\app.js], rss=48492544, heapTotal=33374208, heapUsed=19660144, external=18061599, loadavg=[0, 0, 0], uptime=62083.8571116, trace=[column=10, file=vm.js, function=createScript, line=80, method=null, native=false, column=10, file=vm.js, function=Object.runInThisContext, line=139, method=runInThisContext, native=false, column=28, file=module.js, function=Module._compile, line=616, method=_compile, native=false, column=10, file=module.js, function=Module._extensions..js, line=663, method=.js, native=false, column=32, file=module.js, function=Module.load, line=565, method=load, native=false, column=12, file=module.js, function=tryModuleLoad, line=505, method=null, native=false, column=3, file=module.js, function=Module._load, line=497, method=_load, native=false, column=17, file=module.js, function=Module.require, line=596, method=require, native=false, column=18, file=internal/module.js, function=require, line=11, method=null, native=false, column=22, file=C:\Users\ashok.mahendran\Desktop\Sample-Node\routes\routes.js, function=module.exports, line=2, method=exports, native=false, column=30, file=C:\Users\ashok.mahendran\Desktop\Sample-Node\app.js, function=null, line=41, method=null, native=false, column=30, file=module.js, function=Module._compile, line=652, method=_compile, native=false, column=10, file=module.js, function=Module._extensions..js, line=663, method=.js, native=false, column=32, file=module.js, function=Module.load, line=565, method=load, native=false, column=12, file=module.js, function=tryModuleLoad, line=505, method=null, native=false, column=3, file=module.js, function=Module._load, line=497, method=_load, native=false], stack=[C:\Users\ashok.mahendran\Desktop\Sample-Node\controllers\controller.js:58,     new Promise(function(resolve,reject){,     ^^^, , SyntaxError: Unexpected token new,     at createScript (vm.js:80:10),     at Object.runInThisContext (vm.js:139:10),     at Module._compile (module.js:616:28),     at Object.Module._extensions..js (module.js:663:10),     at Module.load (module.js:565:32),     at tryModuleLoad (module.js:505:12),     at Function.Module._load (module.js:497:3),     at Module.require (module.js:596:17),     at require (internal/module.js:11:18),     at module.exports (C:\Users\ashok.mahendran\Desktop\Sample-Node\routes\routes.js:2:22),     at Object.<anonymous> (C:\Users\ashok.mahendran\Desktop\Sample-Node\app.js:41:30),     at Module._compile (module.js:652:30),     at Object.Module._extensions..js (module.js:663:10),     at Module.load (module.js:565:32),     at tryModuleLoad (module.js:505:12),     at Function.Module._load (module.js:497:3)]
2018-05-08T06:52:42.460Z - error: uncaughtException: Unexpected token new date=Tue May 08 2018 12:22:42 GMT+0530 (India Standard Time), pid=7016, uid=null, gid=null, cwd=C:\Users\ashok.mahendran\Desktop\Sample-Node, execPath=C:\Program Files\nodejs\node.exe, version=v8.11.1, argv=[C:\Program Files\nodejs\node.exe, C:\Users\ashok.mahendran\Desktop\Sample-Node\app.js], rss=48287744, heapTotal=33898496, heapUsed=19658216, external=18061599, loadavg=[0, 0, 0], uptime=62156.3303582, trace=[column=10, file=vm.js, function=createScript, line=80, method=null, native=false, column=10, file=vm.js, function=Object.runInThisContext, line=139, method=runInThisContext, native=false, column=28, file=module.js, function=Module._compile, line=616, method=_compile, native=false, column=10, file=module.js, function=Module._extensions..js, line=663, method=.js, native=false, column=32, file=module.js, function=Module.load, line=565, method=load, native=false, column=12, file=module.js, function=tryModuleLoad, line=505, method=null, native=false, column=3, file=module.js, function=Module._load, line=497, method=_load, native=false, column=17, file=module.js, function=Module.require, line=596, method=require, native=false, column=18, file=internal/module.js, function=require, line=11, method=null, native=false, column=22, file=C:\Users\ashok.mahendran\Desktop\Sample-Node\routes\routes.js, function=module.exports, line=2, method=exports, native=false, column=30, file=C:\Users\ashok.mahendran\Desktop\Sample-Node\app.js, function=null, line=41, method=null, native=false, column=30, file=module.js, function=Module._compile, line=652, method=_compile, native=false, column=10, file=module.js, function=Module._extensions..js, line=663, method=.js, native=false, column=32, file=module.js, function=Module.load, line=565, method=load, native=false, column=12, file=module.js, function=tryModuleLoad, line=505, method=null, native=false, column=3, file=module.js, function=Module._load, line=497, method=_load, native=false], stack=[C:\Users\ashok.mahendran\Desktop\Sample-Node\controllers\controller.js:58,     new Promise(function(resolve,reject){,     ^^^, , SyntaxError: Unexpected token new,     at createScript (vm.js:80:10),     at Object.runInThisContext (vm.js:139:10),     at Module._compile (module.js:616:28),     at Object.Module._extensions..js (module.js:663:10),     at Module.load (module.js:565:32),     at tryModuleLoad (module.js:505:12),     at Function.Module._load (module.js:497:3),     at Module.require (module.js:596:17),     at require (internal/module.js:11:18),     at module.exports (C:\Users\ashok.mahendran\Desktop\Sample-Node\routes\routes.js:2:22),     at Object.<anonymous> (C:\Users\ashok.mahendran\Desktop\Sample-Node\app.js:41:30),     at Module._compile (module.js:652:30),     at Object.Module._extensions..js (module.js:663:10),     at Module.load (module.js:565:32),     at tryModuleLoad (module.js:505:12),     at Function.Module._load (module.js:497:3)]
2018-05-08T06:53:17.904Z - error: uncaughtException: Unexpected token ) date=Tue May 08 2018 12:23:17 GMT+0530 (India Standard Time), pid=3640, uid=null, gid=null, cwd=C:\Users\ashok.mahendran\Desktop\Sample-Node, execPath=C:\Program Files\nodejs\node.exe, version=v8.11.1, argv=[C:\Program Files\nodejs\node.exe, C:\Users\ashok.mahendran\Desktop\Sample-Node\app.js], rss=47767552, heapTotal=33898496, heapUsed=19403824, external=18061599, loadavg=[0, 0, 0], uptime=62191.7739022, trace=[column=10, file=vm.js, function=createScript, line=80, method=null, native=false, column=10, file=vm.js, function=Object.runInThisContext, line=139, method=runInThisContext, native=false, column=28, file=module.js, function=Module._compile, line=616, method=_compile, native=false, column=10, file=module.js, function=Module._extensions..js, line=663, method=.js, native=false, column=32, file=module.js, function=Module.load, line=565, method=load, native=false, column=12, file=module.js, function=tryModuleLoad, line=505, method=null, native=false, column=3, file=module.js, function=Module._load, line=497, method=_load, native=false, column=17, file=module.js, function=Module.require, line=596, method=require, native=false, column=18, file=internal/module.js, function=require, line=11, method=null, native=false, column=22, file=C:\Users\ashok.mahendran\Desktop\Sample-Node\routes\routes.js, function=module.exports, line=2, method=exports, native=false, column=30, file=C:\Users\ashok.mahendran\Desktop\Sample-Node\app.js, function=null, line=41, method=null, native=false, column=30, file=module.js, function=Module._compile, line=652, method=_compile, native=false, column=10, file=module.js, function=Module._extensions..js, line=663, method=.js, native=false, column=32, file=module.js, function=Module.load, line=565, method=load, native=false, column=12, file=module.js, function=tryModuleLoad, line=505, method=null, native=false, column=3, file=module.js, function=Module._load, line=497, method=_load, native=false], stack=[C:\Users\ashok.mahendran\Desktop\Sample-Node\controllers\controller.js:118, });,  ^, , SyntaxError: Unexpected token ),     at createScript (vm.js:80:10),     at Object.runInThisContext (vm.js:139:10),     at Module._compile (module.js:616:28),     at Object.Module._extensions..js (module.js:663:10),     at Module.load (module.js:565:32),     at tryModuleLoad (module.js:505:12),     at Function.Module._load (module.js:497:3),     at Module.require (module.js:596:17),     at require (internal/module.js:11:18),     at module.exports (C:\Users\ashok.mahendran\Desktop\Sample-Node\routes\routes.js:2:22),     at Object.<anonymous> (C:\Users\ashok.mahendran\Desktop\Sample-Node\app.js:41:30),     at Module._compile (module.js:652:30),     at Object.Module._extensions..js (module.js:663:10),     at Module.load (module.js:565:32),     at tryModuleLoad (module.js:505:12),     at Function.Module._load (module.js:497:3)]
2018-05-08T06:53:33.103Z - error: uncaughtException: Unexpected token ) date=Tue May 08 2018 12:23:33 GMT+0530 (India Standard Time), pid=6348, uid=null, gid=null, cwd=C:\Users\ashok.mahendran\Desktop\Sample-Node, execPath=C:\Program Files\nodejs\node.exe, version=v8.11.1, argv=[C:\Program Files\nodejs\node.exe, C:\Users\ashok.mahendran\Desktop\Sample-Node\app.js], rss=47697920, heapTotal=33374208, heapUsed=19374504, external=18061599, loadavg=[0, 0, 0], uptime=62206.9724219, trace=[column=10, file=vm.js, function=createScript, line=80, method=null, native=false, column=10, file=vm.js, function=Object.runInThisContext, line=139, method=runInThisContext, native=false, column=28, file=module.js, function=Module._compile, line=616, method=_compile, native=false, column=10, file=module.js, function=Module._extensions..js, line=663, method=.js, native=false, column=32, file=module.js, function=Module.load, line=565, method=load, native=false, column=12, file=module.js, function=tryModuleLoad, line=505, method=null, native=false, column=3, file=module.js, function=Module._load, line=497, method=_load, native=false, column=17, file=module.js, function=Module.require, line=596, method=require, native=false, column=18, file=internal/module.js, function=require, line=11, method=null, native=false, column=22, file=C:\Users\ashok.mahendran\Desktop\Sample-Node\routes\routes.js, function=module.exports, line=2, method=exports, native=false, column=30, file=C:\Users\ashok.mahendran\Desktop\Sample-Node\app.js, function=null, line=41, method=null, native=false, column=30, file=module.js, function=Module._compile, line=652, method=_compile, native=false, column=10, file=module.js, function=Module._extensions..js, line=663, method=.js, native=false, column=32, file=module.js, function=Module.load, line=565, method=load, native=false, column=12, file=module.js, function=tryModuleLoad, line=505, method=null, native=false, column=3, file=module.js, function=Module._load, line=497, method=_load, native=false], stack=[C:\Users\ashok.mahendran\Desktop\Sample-Node\controllers\controller.js:119, });,  ^, , SyntaxError: Unexpected token ),     at createScript (vm.js:80:10),     at Object.runInThisContext (vm.js:139:10),     at Module._compile (module.js:616:28),     at Object.Module._extensions..js (module.js:663:10),     at Module.load (module.js:565:32),     at tryModuleLoad (module.js:505:12),     at Function.Module._load (module.js:497:3),     at Module.require (module.js:596:17),     at require (internal/module.js:11:18),     at module.exports (C:\Users\ashok.mahendran\Desktop\Sample-Node\routes\routes.js:2:22),     at Object.<anonymous> (C:\Users\ashok.mahendran\Desktop\Sample-Node\app.js:41:30),     at Module._compile (module.js:652:30),     at Object.Module._extensions..js (module.js:663:10),     at Module.load (module.js:565:32),     at tryModuleLoad (module.js:505:12),     at Function.Module._load (module.js:497:3)]
2018-05-08T06:53:50.581Z - error: uncaughtException: Unexpected token ) date=Tue May 08 2018 12:23:50 GMT+0530 (India Standard Time), pid=6416, uid=null, gid=null, cwd=C:\Users\ashok.mahendran\Desktop\Sample-Node, execPath=C:\Program Files\nodejs\node.exe, version=v8.11.1, argv=[C:\Program Files\nodejs\node.exe, C:\Users\ashok.mahendran\Desktop\Sample-Node\app.js], rss=48062464, heapTotal=32849920, heapUsed=19666816, external=18061599, loadavg=[0, 0, 0], uptime=62224.4511696, trace=[column=10, file=vm.js, function=createScript, line=80, method=null, native=false, column=10, file=vm.js, function=Object.runInThisContext, line=139, method=runInThisContext, native=false, column=28, file=module.js, function=Module._compile, line=616, method=_compile, native=false, column=10, file=module.js, function=Module._extensions..js, line=663, method=.js, native=false, column=32, file=module.js, function=Module.load, line=565, method=load, native=false, column=12, file=module.js, function=tryModuleLoad, line=505, method=null, native=false, column=3, file=module.js, function=Module._load, line=497, method=_load, native=false, column=17, file=module.js, function=Module.require, line=596, method=require, native=false, column=18, file=internal/module.js, function=require, line=11, method=null, native=false, column=22, file=C:\Users\ashok.mahendran\Desktop\Sample-Node\routes\routes.js, function=module.exports, line=2, method=exports, native=false, column=30, file=C:\Users\ashok.mahendran\Desktop\Sample-Node\app.js, function=null, line=41, method=null, native=false, column=30, file=module.js, function=Module._compile, line=652, method=_compile, native=false, column=10, file=module.js, function=Module._extensions..js, line=663, method=.js, native=false, column=32, file=module.js, function=Module.load, line=565, method=load, native=false, column=12, file=module.js, function=tryModuleLoad, line=505, method=null, native=false, column=3, file=module.js, function=Module._load, line=497, method=_load, native=false], stack=[C:\Users\ashok.mahendran\Desktop\Sample-Node\controllers\controller.js:119, });,  ^, , SyntaxError: Unexpected token ),     at createScript (vm.js:80:10),     at Object.runInThisContext (vm.js:139:10),     at Module._compile (module.js:616:28),     at Object.Module._extensions..js (module.js:663:10),     at Module.load (module.js:565:32),     at tryModuleLoad (module.js:505:12),     at Function.Module._load (module.js:497:3),     at Module.require (module.js:596:17),     at require (internal/module.js:11:18),     at module.exports (C:\Users\ashok.mahendran\Desktop\Sample-Node\routes\routes.js:2:22),     at Object.<anonymous> (C:\Users\ashok.mahendran\Desktop\Sample-Node\app.js:41:30),     at Module._compile (module.js:652:30),     at Object.Module._extensions..js (module.js:663:10),     at Module.load (module.js:565:32),     at tryModuleLoad (module.js:505:12),     at Function.Module._load (module.js:497:3)]
2018-05-08T06:54:04.942Z - error: uncaughtException: Unexpected token ) date=Tue May 08 2018 12:24:04 GMT+0530 (India Standard Time), pid=7180, uid=null, gid=null, cwd=C:\Users\ashok.mahendran\Desktop\Sample-Node, execPath=C:\Program Files\nodejs\node.exe, version=v8.11.1, argv=[C:\Program Files\nodejs\node.exe, C:\Users\ashok.mahendran\Desktop\Sample-Node\app.js], rss=48009216, heapTotal=32849920, heapUsed=19660736, external=18061599, loadavg=[0, 0, 0], uptime=62238.8126056, trace=[column=10, file=vm.js, function=createScript, line=80, method=null, native=false, column=10, file=vm.js, function=Object.runInThisContext, line=139, method=runInThisContext, native=false, column=28, file=module.js, function=Module._compile, line=616, method=_compile, native=false, column=10, file=module.js, function=Module._extensions..js, line=663, method=.js, native=false, column=32, file=module.js, function=Module.load, line=565, method=load, native=false, column=12, file=module.js, function=tryModuleLoad, line=505, method=null, native=false, column=3, file=module.js, function=Module._load, line=497, method=_load, native=false, column=17, file=module.js, function=Module.require, line=596, method=require, native=false, column=18, file=internal/module.js, function=require, line=11, method=null, native=false, column=22, file=C:\Users\ashok.mahendran\Desktop\Sample-Node\routes\routes.js, function=module.exports, line=2, method=exports, native=false, column=30, file=C:\Users\ashok.mahendran\Desktop\Sample-Node\app.js, function=null, line=41, method=null, native=false, column=30, file=module.js, function=Module._compile, line=652, method=_compile, native=false, column=10, file=module.js, function=Module._extensions..js, line=663, method=.js, native=false, column=32, file=module.js, function=Module.load, line=565, method=load, native=false, column=12, file=module.js, function=tryModuleLoad, line=505, method=null, native=false, column=3, file=module.js, function=Module._load, line=497, method=_load, native=false], stack=[C:\Users\ashok.mahendran\Desktop\Sample-Node\controllers\controller.js:118, });,  ^, , SyntaxError: Unexpected token ),     at createScript (vm.js:80:10),     at Object.runInThisContext (vm.js:139:10),     at Module._compile (module.js:616:28),     at Object.Module._extensions..js (module.js:663:10),     at Module.load (module.js:565:32),     at tryModuleLoad (module.js:505:12),     at Function.Module._load (module.js:497:3),     at Module.require (module.js:596:17),     at require (internal/module.js:11:18),     at module.exports (C:\Users\ashok.mahendran\Desktop\Sample-Node\routes\routes.js:2:22),     at Object.<anonymous> (C:\Users\ashok.mahendran\Desktop\Sample-Node\app.js:41:30),     at Module._compile (module.js:652:30),     at Object.Module._extensions..js (module.js:663:10),     at Module.load (module.js:565:32),     at tryModuleLoad (module.js:505:12),     at Function.Module._load (module.js:497:3)]
2018-05-08T06:54:14.297Z - error: uncaughtException: Unexpected token new date=Tue May 08 2018 12:24:14 GMT+0530 (India Standard Time), pid=8764, uid=null, gid=null, cwd=C:\Users\ashok.mahendran\Desktop\Sample-Node, execPath=C:\Program Files\nodejs\node.exe, version=v8.11.1, argv=[C:\Program Files\nodejs\node.exe, C:\Users\ashok.mahendran\Desktop\Sample-Node\app.js], rss=48459776, heapTotal=34422784, heapUsed=19661152, external=18061599, loadavg=[0, 0, 0], uptime=62248.1665409, trace=[column=10, file=vm.js, function=createScript, line=80, method=null, native=false, column=10, file=vm.js, function=Object.runInThisContext, line=139, method=runInThisContext, native=false, column=28, file=module.js, function=Module._compile, line=616, method=_compile, native=false, column=10, file=module.js, function=Module._extensions..js, line=663, method=.js, native=false, column=32, file=module.js, function=Module.load, line=565, method=load, native=false, column=12, file=module.js, function=tryModuleLoad, line=505, method=null, native=false, column=3, file=module.js, function=Module._load, line=497, method=_load, native=false, column=17, file=module.js, function=Module.require, line=596, method=require, native=false, column=18, file=internal/module.js, function=require, line=11, method=null, native=false, column=22, file=C:\Users\ashok.mahendran\Desktop\Sample-Node\routes\routes.js, function=module.exports, line=2, method=exports, native=false, column=30, file=C:\Users\ashok.mahendran\Desktop\Sample-Node\app.js, function=null, line=41, method=null, native=false, column=30, file=module.js, function=Module._compile, line=652, method=_compile, native=false, column=10, file=module.js, function=Module._extensions..js, line=663, method=.js, native=false, column=32, file=module.js, function=Module.load, line=565, method=load, native=false, column=12, file=module.js, function=tryModuleLoad, line=505, method=null, native=false, column=3, file=module.js, function=Module._load, line=497, method=_load, native=false], stack=[C:\Users\ashok.mahendran\Desktop\Sample-Node\controllers\controller.js:58,     new Promise(function(resolve,reject){,     ^^^, , SyntaxError: Unexpected token new,     at createScript (vm.js:80:10),     at Object.runInThisContext (vm.js:139:10),     at Module._compile (module.js:616:28),     at Object.Module._extensions..js (module.js:663:10),     at Module.load (module.js:565:32),     at tryModuleLoad (module.js:505:12),     at Function.Module._load (module.js:497:3),     at Module.require (module.js:596:17),     at require (internal/module.js:11:18),     at module.exports (C:\Users\ashok.mahendran\Desktop\Sample-Node\routes\routes.js:2:22),     at Object.<anonymous> (C:\Users\ashok.mahendran\Desktop\Sample-Node\app.js:41:30),     at Module._compile (module.js:652:30),     at Object.Module._extensions..js (module.js:663:10),     at Module.load (module.js:565:32),     at tryModuleLoad (module.js:505:12),     at Function.Module._load (module.js:497:3)]
2018-05-08T06:54:16.920Z - error: uncaughtException: Unexpected token new date=Tue May 08 2018 12:24:16 GMT+0530 (India Standard Time), pid=9044, uid=null, gid=null, cwd=C:\Users\ashok.mahendran\Desktop\Sample-Node, execPath=C:\Program Files\nodejs\node.exe, version=v8.11.1, argv=[C:\Program Files\nodejs\node.exe, C:\Users\ashok.mahendran\Desktop\Sample-Node\app.js], rss=47681536, heapTotal=32849920, heapUsed=19652992, external=18181397, loadavg=[0, 0, 0], uptime=62250.7898032, trace=[column=10, file=vm.js, function=createScript, line=80, method=null, native=false, column=10, file=vm.js, function=Object.runInThisContext, line=139, method=runInThisContext, native=false, column=28, file=module.js, function=Module._compile, line=616, method=_compile, native=false, column=10, file=module.js, function=Module._extensions..js, line=663, method=.js, native=false, column=32, file=module.js, function=Module.load, line=565, method=load, native=false, column=12, file=module.js, function=tryModuleLoad, line=505, method=null, native=false, column=3, file=module.js, function=Module._load, line=497, method=_load, native=false, column=17, file=module.js, function=Module.require, line=596, method=require, native=false, column=18, file=internal/module.js, function=require, line=11, method=null, native=false, column=22, file=C:\Users\ashok.mahendran\Desktop\Sample-Node\routes\routes.js, function=module.exports, line=2, method=exports, native=false, column=30, file=C:\Users\ashok.mahendran\Desktop\Sample-Node\app.js, function=null, line=41, method=null, native=false, column=30, file=module.js, function=Module._compile, line=652, method=_compile, native=false, column=10, file=module.js, function=Module._extensions..js, line=663, method=.js, native=false, column=32, file=module.js, function=Module.load, line=565, method=load, native=false, column=12, file=module.js, function=tryModuleLoad, line=505, method=null, native=false, column=3, file=module.js, function=Module._load, line=497, method=_load, native=false], stack=[C:\Users\ashok.mahendran\Desktop\Sample-Node\controllers\controller.js:58,     new Promise(function(resolve,reject){,     ^^^, , SyntaxError: Unexpected token new,     at createScript (vm.js:80:10),     at Object.runInThisContext (vm.js:139:10),     at Module._compile (module.js:616:28),     at Object.Module._extensions..js (module.js:663:10),     at Module.load (module.js:565:32),     at tryModuleLoad (module.js:505:12),     at Function.Module._load (module.js:497:3),     at Module.require (module.js:596:17),     at require (internal/module.js:11:18),     at module.exports (C:\Users\ashok.mahendran\Desktop\Sample-Node\routes\routes.js:2:22),     at Object.<anonymous> (C:\Users\ashok.mahendran\Desktop\Sample-Node\app.js:41:30),     at Module._compile (module.js:652:30),     at Object.Module._extensions..js (module.js:663:10),     at Module.load (module.js:565:32),     at tryModuleLoad (module.js:505:12),     at Function.Module._load (module.js:497:3)]
2018-05-08T06:54:23.764Z - error: uncaughtException: Unexpected token { date=Tue May 08 2018 12:24:23 GMT+0530 (India Standard Time), pid=2932, uid=null, gid=null, cwd=C:\Users\ashok.mahendran\Desktop\Sample-Node, execPath=C:\Program Files\nodejs\node.exe, version=v8.11.1, argv=[C:\Program Files\nodejs\node.exe, C:\Users\ashok.mahendran\Desktop\Sample-Node\app.js], rss=48365568, heapTotal=33898496, heapUsed=19658616, external=18181397, loadavg=[0, 0, 0], uptime=62257.6344876, trace=[column=10, file=vm.js, function=createScript, line=80, method=null, native=false, column=10, file=vm.js, function=Object.runInThisContext, line=139, method=runInThisContext, native=false, column=28, file=module.js, function=Module._compile, line=616, method=_compile, native=false, column=10, file=module.js, function=Module._extensions..js, line=663, method=.js, native=false, column=32, file=module.js, function=Module.load, line=565, method=load, native=false, column=12, file=module.js, function=tryModuleLoad, line=505, method=null, native=false, column=3, file=module.js, function=Module._load, line=497, method=_load, native=false, column=17, file=module.js, function=Module.require, line=596, method=require, native=false, column=18, file=internal/module.js, function=require, line=11, method=null, native=false, column=22, file=C:\Users\ashok.mahendran\Desktop\Sample-Node\routes\routes.js, function=module.exports, line=2, method=exports, native=false, column=30, file=C:\Users\ashok.mahendran\Desktop\Sample-Node\app.js, function=null, line=41, method=null, native=false, column=30, file=module.js, function=Module._compile, line=652, method=_compile, native=false, column=10, file=module.js, function=Module._extensions..js, line=663, method=.js, native=false, column=32, file=module.js, function=Module.load, line=565, method=load, native=false, column=12, file=module.js, function=tryModuleLoad, line=505, method=null, native=false, column=3, file=module.js, function=Module._load, line=497, method=_load, native=false], stack=[C:\Users\ashok.mahendran\Desktop\Sample-Node\controllers\controller.js:60,     }).then(){,              ^, , SyntaxError: Unexpected token {,     at createScript (vm.js:80:10),     at Object.runInThisContext (vm.js:139:10),     at Module._compile (module.js:616:28),     at Object.Module._extensions..js (module.js:663:10),     at Module.load (module.js:565:32),     at tryModuleLoad (module.js:505:12),     at Function.Module._load (module.js:497:3),     at Module.require (module.js:596:17),     at require (internal/module.js:11:18),     at module.exports (C:\Users\ashok.mahendran\Desktop\Sample-Node\routes\routes.js:2:22),     at Object.<anonymous> (C:\Users\ashok.mahendran\Desktop\Sample-Node\app.js:41:30),     at Module._compile (module.js:652:30),     at Object.Module._extensions..js (module.js:663:10),     at Module.load (module.js:565:32),     at tryModuleLoad (module.js:505:12),     at Function.Module._load (module.js:497:3)]
2018-05-08T06:58:06.978Z - error: uncaughtException: Invalid shorthand property initializer date=Tue May 08 2018 12:28:06 GMT+0530 (India Standard Time), pid=6820, uid=null, gid=null, cwd=C:\Users\ashok.mahendran\Desktop\Sample-Node, execPath=C:\Program Files\nodejs\node.exe, version=v8.11.1, argv=[C:\Program Files\nodejs\node.exe, C:\Users\ashok.mahendran\Desktop\Sample-Node\app.js], rss=48136192, heapTotal=33898496, heapUsed=19724472, external=18061599, loadavg=[0, 0, 0], uptime=62480.8478067, trace=[column=10, file=vm.js, function=createScript, line=80, method=null, native=false, column=10, file=vm.js, function=Object.runInThisContext, line=139, method=runInThisContext, native=false, column=28, file=module.js, function=Module._compile, line=616, method=_compile, native=false, column=10, file=module.js, function=Module._extensions..js, line=663, method=.js, native=false, column=32, file=module.js, function=Module.load, line=565, method=load, native=false, column=12, file=module.js, function=tryModuleLoad, line=505, method=null, native=false, column=3, file=module.js, function=Module._load, line=497, method=_load, native=false, column=17, file=module.js, function=Module.require, line=596, method=require, native=false, column=18, file=internal/module.js, function=require, line=11, method=null, native=false, column=13, file=C:\Users\ashok.mahendran\Desktop\Sample-Node\controllers\controller.js, function=null, line=6, method=null, native=false, column=30, file=module.js, function=Module._compile, line=652, method=_compile, native=false, column=10, file=module.js, function=Module._extensions..js, line=663, method=.js, native=false, column=32, file=module.js, function=Module.load, line=565, method=load, native=false, column=12, file=module.js, function=tryModuleLoad, line=505, method=null, native=false, column=3, file=module.js, function=Module._load, line=497, method=_load, native=false, column=17, file=module.js, function=Module.require, line=596, method=require, native=false], stack=[C:\Users\ashok.mahendran\Desktop\Sample-Node\models\usermodel.js:5,     userid: {type: String, required: true,unique=true, max: 20},,                                           ^^^^^^^^^^^, , SyntaxError: Invalid shorthand property initializer,     at createScript (vm.js:80:10),     at Object.runInThisContext (vm.js:139:10),     at Module._compile (module.js:616:28),     at Object.Module._extensions..js (module.js:663:10),     at Module.load (module.js:565:32),     at tryModuleLoad (module.js:505:12),     at Function.Module._load (module.js:497:3),     at Module.require (module.js:596:17),     at require (internal/module.js:11:18),     at Object.<anonymous> (C:\Users\ashok.mahendran\Desktop\Sample-Node\controllers\controller.js:6:13),     at Module._compile (module.js:652:30),     at Object.Module._extensions..js (module.js:663:10),     at Module.load (module.js:565:32),     at tryModuleLoad (module.js:505:12),     at Function.Module._load (module.js:497:3),     at Module.require (module.js:596:17)]
2018-05-08T06:58:44.741Z - error: uncaughtException: Invalid shorthand property initializer date=Tue May 08 2018 12:28:44 GMT+0530 (India Standard Time), pid=9332, uid=null, gid=null, cwd=C:\Users\ashok.mahendran\Desktop\Sample-Node, execPath=C:\Program Files\nodejs\node.exe, version=v8.11.1, argv=[C:\Program Files\nodejs\node.exe, C:\Users\ashok.mahendran\Desktop\Sample-Node\app.js], rss=48271360, heapTotal=33374208, heapUsed=19728616, external=18061599, loadavg=[0, 0, 0], uptime=62518.6105826, trace=[column=10, file=vm.js, function=createScript, line=80, method=null, native=false, column=10, file=vm.js, function=Object.runInThisContext, line=139, method=runInThisContext, native=false, column=28, file=module.js, function=Module._compile, line=616, method=_compile, native=false, column=10, file=module.js, function=Module._extensions..js, line=663, method=.js, native=false, column=32, file=module.js, function=Module.load, line=565, method=load, native=false, column=12, file=module.js, function=tryModuleLoad, line=505, method=null, native=false, column=3, file=module.js, function=Module._load, line=497, method=_load, native=false, column=17, file=module.js, function=Module.require, line=596, method=require, native=false, column=18, file=internal/module.js, function=require, line=11, method=null, native=false, column=13, file=C:\Users\ashok.mahendran\Desktop\Sample-Node\controllers\controller.js, function=null, line=6, method=null, native=false, column=30, file=module.js, function=Module._compile, line=652, method=_compile, native=false, column=10, file=module.js, function=Module._extensions..js, line=663, method=.js, native=false, column=32, file=module.js, function=Module.load, line=565, method=load, native=false, column=12, file=module.js, function=tryModuleLoad, line=505, method=null, native=false, column=3, file=module.js, function=Module._load, line=497, method=_load, native=false, column=17, file=module.js, function=Module.require, line=596, method=require, native=false], stack=[C:\Users\ashok.mahendran\Desktop\Sample-Node\models\usermodel.js:5,     userid: {type: String, required: true, max: 20,unique=true},,                                                    ^^^^^^^^^^^, , SyntaxError: Invalid shorthand property initializer,     at createScript (vm.js:80:10),     at Object.runInThisContext (vm.js:139:10),     at Module._compile (module.js:616:28),     at Object.Module._extensions..js (module.js:663:10),     at Module.load (module.js:565:32),     at tryModuleLoad (module.js:505:12),     at Function.Module._load (module.js:497:3),     at Module.require (module.js:596:17),     at require (internal/module.js:11:18),     at Object.<anonymous> (C:\Users\ashok.mahendran\Desktop\Sample-Node\controllers\controller.js:6:13),     at Module._compile (module.js:652:30),     at Object.Module._extensions..js (module.js:663:10),     at Module.load (module.js:565:32),     at tryModuleLoad (module.js:505:12),     at Function.Module._load (module.js:497:3),     at Module.require (module.js:596:17)]
2018-05-08T06:59:13.543Z - error: uncaughtException: Invalid shorthand property initializer date=Tue May 08 2018 12:29:13 GMT+0530 (India Standard Time), pid=9504, uid=null, gid=null, cwd=C:\Users\ashok.mahendran\Desktop\Sample-Node, execPath=C:\Program Files\nodejs\node.exe, version=v8.11.1, argv=[C:\Program Files\nodejs\node.exe, C:\Users\ashok.mahendran\Desktop\Sample-Node\app.js], rss=47857664, heapTotal=34947072, heapUsed=19490176, external=18061599, loadavg=[0, 0, 0], uptime=62547.4124625, trace=[column=10, file=vm.js, function=createScript, line=80, method=null, native=false, column=10, file=vm.js, function=Object.runInThisContext, line=139, method=runInThisContext, native=false, column=28, file=module.js, function=Module._compile, line=616, method=_compile, native=false, column=10, file=module.js, function=Module._extensions..js, line=663, method=.js, native=false, column=32, file=module.js, function=Module.load, line=565, method=load, native=false, column=12, file=module.js, function=tryModuleLoad, line=505, method=null, native=false, column=3, file=module.js, function=Module._load, line=497, method=_load, native=false, column=17, file=module.js, function=Module.require, line=596, method=require, native=false, column=18, file=internal/module.js, function=require, line=11, method=null, native=false, column=13, file=C:\Users\ashok.mahendran\Desktop\Sample-Node\controllers\controller.js, function=null, line=6, method=null, native=false, column=30, file=module.js, function=Module._compile, line=652, method=_compile, native=false, column=10, file=module.js, function=Module._extensions..js, line=663, method=.js, native=false, column=32, file=module.js, function=Module.load, line=565, method=load, native=false, column=12, file=module.js, function=tryModuleLoad, line=505, method=null, native=false, column=3, file=module.js, function=Module._load, line=497, method=_load, native=false, column=17, file=module.js, function=Module.require, line=596, method=require, native=false], stack=[C:\Users\ashok.mahendran\Desktop\Sample-Node\models\usermodel.js:5,     userid: {type: String, required: true, max: 20,unique=true},,                                                    ^^^^^^^^^^^, , SyntaxError: Invalid shorthand property initializer,     at createScript (vm.js:80:10),     at Object.runInThisContext (vm.js:139:10),     at Module._compile (module.js:616:28),     at Object.Module._extensions..js (module.js:663:10),     at Module.load (module.js:565:32),     at tryModuleLoad (module.js:505:12),     at Function.Module._load (module.js:497:3),     at Module.require (module.js:596:17),     at require (internal/module.js:11:18),     at Object.<anonymous> (C:\Users\ashok.mahendran\Desktop\Sample-Node\controllers\controller.js:6:13),     at Module._compile (module.js:652:30),     at Object.Module._extensions..js (module.js:663:10),     at Module.load (module.js:565:32),     at tryModuleLoad (module.js:505:12),     at Function.Module._load (module.js:497:3),     at Module.require (module.js:596:17)]
2018-05-08T09:33:33.776Z - error: uncaughtException: Unexpected token ) date=Tue May 08 2018 15:03:33 GMT+0530 (India Standard Time), pid=8320, uid=null, gid=null, cwd=C:\Users\ashok.mahendran\Desktop\Sample-Node, execPath=C:\Program Files\nodejs\node.exe, version=v8.11.1, argv=[C:\Program Files\nodejs\node.exe, C:\Users\ashok.mahendran\Desktop\Sample-Node\app.js], rss=48349184, heapTotal=32849920, heapUsed=20125184, external=18111342, loadavg=[0, 0, 0], uptime=71807.6459044, trace=[column=10, file=vm.js, function=createScript, line=80, method=null, native=false, column=10, file=vm.js, function=Object.runInThisContext, line=139, method=runInThisContext, native=false, column=28, file=module.js, function=Module._compile, line=616, method=_compile, native=false, column=10, file=module.js, function=Module._extensions..js, line=663, method=.js, native=false, column=32, file=module.js, function=Module.load, line=565, method=load, native=false, column=12, file=module.js, function=tryModuleLoad, line=505, method=null, native=false, column=3, file=module.js, function=Module._load, line=497, method=_load, native=false, column=17, file=module.js, function=Module.require, line=596, method=require, native=false, column=18, file=internal/module.js, function=require, line=11, method=null, native=false, column=16, file=C:\Users\ashok.mahendran\Desktop\Sample-Node\routes\routes.js, function=module.exports, line=3, method=exports, native=false, column=30, file=C:\Users\ashok.mahendran\Desktop\Sample-Node\app.js, function=null, line=21, method=null, native=false, column=30, file=module.js, function=Module._compile, line=652, method=_compile, native=false, column=10, file=module.js, function=Module._extensions..js, line=663, method=.js, native=false, column=32, file=module.js, function=Module.load, line=565, method=load, native=false, column=12, file=module.js, function=tryModuleLoad, line=505, method=null, native=false, column=3, file=module.js, function=Module._load, line=497, method=_load, native=false], stack=[C:\Users\ashok.mahendran\Desktop\Sample-Node\controllers\authenticationcontroller.js:31,       });,        ^, , SyntaxError: Unexpected token ),     at createScript (vm.js:80:10),     at Object.runInThisContext (vm.js:139:10),     at Module._compile (module.js:616:28),     at Object.Module._extensions..js (module.js:663:10),     at Module.load (module.js:565:32),     at tryModuleLoad (module.js:505:12),     at Function.Module._load (module.js:497:3),     at Module.require (module.js:596:17),     at require (internal/module.js:11:18),     at module.exports (C:\Users\ashok.mahendran\Desktop\Sample-Node\routes\routes.js:3:16),     at Object.<anonymous> (C:\Users\ashok.mahendran\Desktop\Sample-Node\app.js:21:30),     at Module._compile (module.js:652:30),     at Object.Module._extensions..js (module.js:663:10),     at Module.load (module.js:565:32),     at tryModuleLoad (module.js:505:12),     at Function.Module._load (module.js:497:3)]
2018-05-08T09:54:21.039Z - error: uncaughtException: missing ) after argument list date=Tue May 08 2018 15:24:20 GMT+0530 (India Standard Time), pid=6216, uid=null, gid=null, cwd=C:\Users\ashok.mahendran\Desktop\Sample-Node, execPath=C:\Program Files\nodejs\node.exe, version=v8.11.1, argv=[C:\Program Files\nodejs\node.exe, C:\Users\ashok.mahendran\Desktop\Sample-Node\app.js], rss=47898624, heapTotal=32849920, heapUsed=19568352, external=18061599, loadavg=[0, 0, 0], uptime=73054.909376, trace=[column=10, file=vm.js, function=createScript, line=80, method=null, native=false, column=10, file=vm.js, function=Object.runInThisContext, line=139, method=runInThisContext, native=false, column=28, file=module.js, function=Module._compile, line=616, method=_compile, native=false, column=10, file=module.js, function=Module._extensions..js, line=663, method=.js, native=false, column=32, file=module.js, function=Module.load, line=565, method=load, native=false, column=12, file=module.js, function=tryModuleLoad, line=505, method=null, native=false, column=3, file=module.js, function=Module._load, line=497, method=_load, native=false, column=17, file=module.js, function=Module.require, line=596, method=require, native=false, column=18, file=internal/module.js, function=require, line=11, method=null, native=false, column=22, file=C:\Users\ashok.mahendran\Desktop\Sample-Node\routes\routes.js, function=module.exports, line=2, method=exports, native=false, column=30, file=C:\Users\ashok.mahendran\Desktop\Sample-Node\app.js, function=null, line=21, method=null, native=false, column=30, file=module.js, function=Module._compile, line=652, method=_compile, native=false, column=10, file=module.js, function=Module._extensions..js, line=663, method=.js, native=false, column=32, file=module.js, function=Module.load, line=565, method=load, native=false, column=12, file=module.js, function=tryModuleLoad, line=505, method=null, native=false, column=3, file=module.js, function=Module._load, line=497, method=_load, native=false], stack=[C:\Users\ashok.mahendran\Desktop\Sample-Node\controllers\controller.js:94,           logging.info( userid:req.query.userid+'User Detail Deleted successfully');,                         ^^^^^^, , SyntaxError: missing ) after argument list,     at createScript (vm.js:80:10),     at Object.runInThisContext (vm.js:139:10),     at Module._compile (module.js:616:28),     at Object.Module._extensions..js (module.js:663:10),     at Module.load (module.js:565:32),     at tryModuleLoad (module.js:505:12),     at Function.Module._load (module.js:497:3),     at Module.require (module.js:596:17),     at require (internal/module.js:11:18),     at module.exports (C:\Users\ashok.mahendran\Desktop\Sample-Node\routes\routes.js:2:22),     at Object.<anonymous> (C:\Users\ashok.mahendran\Desktop\Sample-Node\app.js:21:30),     at Module._compile (module.js:652:30),     at Object.Module._extensions..js (module.js:663:10),     at Module.load (module.js:565:32),     at tryModuleLoad (module.js:505:12),     at Function.Module._load (module.js:497:3)]
2018-05-08T10:58:20.054Z - error: uncaughtException: Unexpected token _ in JSON at position 2 date=Tue May 08 2018 16:28:19 GMT+0530 (India Standard Time), pid=7340, uid=null, gid=null, cwd=C:\Users\ashok.mahendran\Desktop\Sample-Node, execPath=C:\Program Files\nodejs\node.exe, version=v8.11.1, argv=[C:\Program Files\nodejs\node.exe, C:\Users\ashok.mahendran\Desktop\Sample-Node\app.js], rss=50356224, heapTotal=34422784, heapUsed=16917304, external=18113555, loadavg=[0, 0, 0], uptime=76893.9252392, trace=[column=null, file=null, function=JSON.parse, line=null, method=parse, native=false, column=24, file=C:\Users\ashok.mahendran\Desktop\Sample-Node\controllers\controller.js, function=null, line=78, method=null, native=false, column=16, file=C:\Users\ashok.mahendran\Desktop\Sample-Node\node_modules\mongoose\lib\model.js, function=null, line=3953, method=null, native=false, column=7, file=C:\Users\ashok.mahendran\Desktop\Sample-Node\node_modules\mongoose\lib\query.js, function=(anonymous function).call, line=3029, method=call, native=false, column=39, file=C:\Users\ashok.mahendran\Desktop\Sample-Node\node_modules\mongoose\lib\query.js, function=process.nextTick, line=1458, method=nextTick, native=false, column=7, file=internal/process/next_tick.js, function=_combinedTickCallback, line=131, method=null, native=false, column=9, file=internal/process/next_tick.js, function=process._tickCallback, line=180, method=_tickCallback, native=false], stack=[SyntaxError: Unexpected token _ in JSON at position 2,     at JSON.parse (<anonymous>),     at C:\Users\ashok.mahendran\Desktop\Sample-Node\controllers\controller.js:78:24,     at C:\Users\ashok.mahendran\Desktop\Sample-Node\node_modules\mongoose\lib\model.js:3953:16,     at (anonymous function).call (C:\Users\ashok.mahendran\Desktop\Sample-Node\node_modules\mongoose\lib\query.js:3029:7),     at process.nextTick (C:\Users\ashok.mahendran\Desktop\Sample-Node\node_modules\mongoose\lib\query.js:1458:39),     at _combinedTickCallback (internal/process/next_tick.js:131:7),     at process._tickCallback (internal/process/next_tick.js:180:9)]
2018-05-08T11:00:18.100Z - error: uncaughtException: Unexpected token _ in JSON at position 2 date=Tue May 08 2018 16:30:18 GMT+0530 (India Standard Time), pid=7340, uid=null, gid=null, cwd=C:\Users\ashok.mahendran\Desktop\Sample-Node, execPath=C:\Program Files\nodejs\node.exe, version=v8.11.1, argv=[C:\Program Files\nodejs\node.exe, C:\Users\ashok.mahendran\Desktop\Sample-Node\app.js], rss=39170048, heapTotal=19742720, heapUsed=16500432, external=17858105, loadavg=[0, 0, 0], uptime=77011.9740429, trace=[column=null, file=null, function=JSON.parse, line=null, method=parse, native=false, column=24, file=C:\Users\ashok.mahendran\Desktop\Sample-Node\controllers\controller.js, function=null, line=78, method=null, native=false, column=16, file=C:\Users\ashok.mahendran\Desktop\Sample-Node\node_modules\mongoose\lib\model.js, function=null, line=3953, method=null, native=false, column=7, file=C:\Users\ashok.mahendran\Desktop\Sample-Node\node_modules\mongoose\lib\query.js, function=(anonymous function).call, line=3029, method=call, native=false, column=39, file=C:\Users\ashok.mahendran\Desktop\Sample-Node\node_modules\mongoose\lib\query.js, function=process.nextTick, line=1458, method=nextTick, native=false, column=7, file=internal/process/next_tick.js, function=_combinedTickCallback, line=131, method=null, native=false, column=9, file=internal/process/next_tick.js, function=process._tickCallback, line=180, method=_tickCallback, native=false], stack=[SyntaxError: Unexpected token _ in JSON at position 2,     at JSON.parse (<anonymous>),     at C:\Users\ashok.mahendran\Desktop\Sample-Node\controllers\controller.js:78:24,     at C:\Users\ashok.mahendran\Desktop\Sample-Node\node_modules\mongoose\lib\model.js:3953:16,     at (anonymous function).call (C:\Users\ashok.mahendran\Desktop\Sample-Node\node_modules\mongoose\lib\query.js:3029:7),     at process.nextTick (C:\Users\ashok.mahendran\Desktop\Sample-Node\node_modules\mongoose\lib\query.js:1458:39),     at _combinedTickCallback (internal/process/next_tick.js:131:7),     at process._tickCallback (internal/process/next_tick.js:180:9)]
2018-05-08T11:00:25.641Z - error: uncaughtException: Cannot read property 'userid' of undefined date=Tue May 08 2018 16:30:25 GMT+0530 (India Standard Time), pid=804, uid=null, gid=null, cwd=C:\Users\ashok.mahendran\Desktop\Sample-Node, execPath=C:\Program Files\nodejs\node.exe, version=v8.11.1, argv=[C:\Program Files\nodejs\node.exe, C:\Users\ashok.mahendran\Desktop\Sample-Node\app.js], rss=49754112, heapTotal=34422784, heapUsed=16955888, external=18113555, loadavg=[0, 0, 0], uptime=77019.5107965, trace=[column=27, file=C:\Users\ashok.mahendran\Desktop\Sample-Node\controllers\controller.js, function=null, line=78, method=null, native=false, column=16, file=C:\Users\ashok.mahendran\Desktop\Sample-Node\node_modules\mongoose\lib\model.js, function=null, line=3953, method=null, native=false, column=7, file=C:\Users\ashok.mahendran\Desktop\Sample-Node\node_modules\mongoose\lib\query.js, function=(anonymous function).call, line=3029, method=call, native=false, column=39, file=C:\Users\ashok.mahendran\Desktop\Sample-Node\node_modules\mongoose\lib\query.js, function=process.nextTick, line=1458, method=nextTick, native=false, column=7, file=internal/process/next_tick.js, function=_combinedTickCallback, line=131, method=null, native=false, column=9, file=internal/process/next_tick.js, function=process._tickCallback, line=180, method=_tickCallback, native=false], stack=[TypeError: Cannot read property 'userid' of undefined,     at C:\Users\ashok.mahendran\Desktop\Sample-Node\controllers\controller.js:78:27,     at C:\Users\ashok.mahendran\Desktop\Sample-Node\node_modules\mongoose\lib\model.js:3953:16,     at (anonymous function).call (C:\Users\ashok.mahendran\Desktop\Sample-Node\node_modules\mongoose\lib\query.js:3029:7),     at process.nextTick (C:\Users\ashok.mahendran\Desktop\Sample-Node\node_modules\mongoose\lib\query.js:1458:39),     at _combinedTickCallback (internal/process/next_tick.js:131:7),     at process._tickCallback (internal/process/next_tick.js:180:9)]
2018-05-08T11:00:27.676Z - error: uncaughtException: Cannot read property 'userid' of undefined date=Tue May 08 2018 16:30:27 GMT+0530 (India Standard Time), pid=804, uid=null, gid=null, cwd=C:\Users\ashok.mahendran\Desktop\Sample-Node, execPath=C:\Program Files\nodejs\node.exe, version=v8.11.1, argv=[C:\Program Files\nodejs\node.exe, C:\Users\ashok.mahendran\Desktop\Sample-Node\app.js], rss=50311168, heapTotal=34422784, heapUsed=17449104, external=18115287, loadavg=[0, 0, 0], uptime=77021.5470001, trace=[column=27, file=C:\Users\ashok.mahendran\Desktop\Sample-Node\controllers\controller.js, function=null, line=78, method=null, native=false, column=16, file=C:\Users\ashok.mahendran\Desktop\Sample-Node\node_modules\mongoose\lib\model.js, function=null, line=3953, method=null, native=false, column=7, file=C:\Users\ashok.mahendran\Desktop\Sample-Node\node_modules\mongoose\lib\query.js, function=(anonymous function).call, line=3029, method=call, native=false, column=39, file=C:\Users\ashok.mahendran\Desktop\Sample-Node\node_modules\mongoose\lib\query.js, function=process.nextTick, line=1458, method=nextTick, native=false, column=7, file=internal/process/next_tick.js, function=_combinedTickCallback, line=131, method=null, native=false, column=9, file=internal/process/next_tick.js, function=process._tickCallback, line=180, method=_tickCallback, native=false], stack=[TypeError: Cannot read property 'userid' of undefined,     at C:\Users\ashok.mahendran\Desktop\Sample-Node\controllers\controller.js:78:27,     at C:\Users\ashok.mahendran\Desktop\Sample-Node\node_modules\mongoose\lib\model.js:3953:16,     at (anonymous function).call (C:\Users\ashok.mahendran\Desktop\Sample-Node\node_modules\mongoose\lib\query.js:3029:7),     at process.nextTick (C:\Users\ashok.mahendran\Desktop\Sample-Node\node_modules\mongoose\lib\query.js:1458:39),     at _combinedTickCallback (internal/process/next_tick.js:131:7),     at process._tickCallback (internal/process/next_tick.js:180:9)]
2018-05-08T11:00:41.300Z - error: uncaughtException: Cannot read property 'userid' of undefined date=Tue May 08 2018 16:30:41 GMT+0530 (India Standard Time), pid=804, uid=null, gid=null, cwd=C:\Users\ashok.mahendran\Desktop\Sample-Node, execPath=C:\Program Files\nodejs\node.exe, version=v8.11.1, argv=[C:\Program Files\nodejs\node.exe, C:\Users\ashok.mahendran\Desktop\Sample-Node\app.js], rss=38678528, heapTotal=19742720, heapUsed=16240360, external=17852225, loadavg=[0, 0, 0], uptime=77035.1723625, trace=[column=27, file=C:\Users\ashok.mahendran\Desktop\Sample-Node\controllers\controller.js, function=null, line=78, method=null, native=false, column=16, file=C:\Users\ashok.mahendran\Desktop\Sample-Node\node_modules\mongoose\lib\model.js, function=null, line=3953, method=null, native=false, column=7, file=C:\Users\ashok.mahendran\Desktop\Sample-Node\node_modules\mongoose\lib\query.js, function=(anonymous function).call, line=3029, method=call, native=false, column=39, file=C:\Users\ashok.mahendran\Desktop\Sample-Node\node_modules\mongoose\lib\query.js, function=process.nextTick, line=1458, method=nextTick, native=false, column=7, file=internal/process/next_tick.js, function=_combinedTickCallback, line=131, method=null, native=false, column=9, file=internal/process/next_tick.js, function=process._tickCallback, line=180, method=_tickCallback, native=false], stack=[TypeError: Cannot read property 'userid' of undefined,     at C:\Users\ashok.mahendran\Desktop\Sample-Node\controllers\controller.js:78:27,     at C:\Users\ashok.mahendran\Desktop\Sample-Node\node_modules\mongoose\lib\model.js:3953:16,     at (anonymous function).call (C:\Users\ashok.mahendran\Desktop\Sample-Node\node_modules\mongoose\lib\query.js:3029:7),     at process.nextTick (C:\Users\ashok.mahendran\Desktop\Sample-Node\node_modules\mongoose\lib\query.js:1458:39),     at _combinedTickCallback (internal/process/next_tick.js:131:7),     at process._tickCallback (internal/process/next_tick.js:180:9)]
2018-05-08T11:00:45.060Z - error: uncaughtException: Unexpected token _ in JSON at position 2 date=Tue May 08 2018 16:30:44 GMT+0530 (India Standard Time), pid=10140, uid=null, gid=null, cwd=C:\Users\ashok.mahendran\Desktop\Sample-Node, execPath=C:\Program Files\nodejs\node.exe, version=v8.11.1, argv=[C:\Program Files\nodejs\node.exe, C:\Users\ashok.mahendran\Desktop\Sample-Node\app.js], rss=50180096, heapTotal=34422784, heapUsed=16992024, external=18113555, loadavg=[0, 0, 0], uptime=77038.9307383, trace=[column=null, file=null, function=JSON.parse, line=null, method=parse, native=false, column=24, file=C:\Users\ashok.mahendran\Desktop\Sample-Node\controllers\controller.js, function=null, line=79, method=null, native=false, column=16, file=C:\Users\ashok.mahendran\Desktop\Sample-Node\node_modules\mongoose\lib\model.js, function=null, line=3953, method=null, native=false, column=7, file=C:\Users\ashok.mahendran\Desktop\Sample-Node\node_modules\mongoose\lib\query.js, function=(anonymous function).call, line=3029, method=call, native=false, column=39, file=C:\Users\ashok.mahendran\Desktop\Sample-Node\node_modules\mongoose\lib\query.js, function=process.nextTick, line=1458, method=nextTick, native=false, column=7, file=internal/process/next_tick.js, function=_combinedTickCallback, line=131, method=null, native=false, column=9, file=internal/process/next_tick.js, function=process._tickCallback, line=180, method=_tickCallback, native=false], stack=[SyntaxError: Unexpected token _ in JSON at position 2,     at JSON.parse (<anonymous>),     at C:\Users\ashok.mahendran\Desktop\Sample-Node\controllers\controller.js:79:24,     at C:\Users\ashok.mahendran\Desktop\Sample-Node\node_modules\mongoose\lib\model.js:3953:16,     at (anonymous function).call (C:\Users\ashok.mahendran\Desktop\Sample-Node\node_modules\mongoose\lib\query.js:3029:7),     at process.nextTick (C:\Users\ashok.mahendran\Desktop\Sample-Node\node_modules\mongoose\lib\query.js:1458:39),     at _combinedTickCallback (internal/process/next_tick.js:131:7),     at process._tickCallback (internal/process/next_tick.js:180:9)]
2018-05-08T11:01:11.513Z - error: uncaughtException: Unexpected token _ in JSON at position 2 date=Tue May 08 2018 16:31:11 GMT+0530 (India Standard Time), pid=5840, uid=null, gid=null, cwd=C:\Users\ashok.mahendran\Desktop\Sample-Node, execPath=C:\Program Files\nodejs\node.exe, version=v8.11.1, argv=[C:\Program Files\nodejs\node.exe, C:\Users\ashok.mahendran\Desktop\Sample-Node\app.js], rss=50094080, heapTotal=34422784, heapUsed=16977600, external=18233351, loadavg=[0, 0, 0], uptime=77065.3833833, trace=[column=null, file=null, function=JSON.parse, line=null, method=parse, native=false, column=24, file=C:\Users\ashok.mahendran\Desktop\Sample-Node\controllers\controller.js, function=null, line=79, method=null, native=false, column=16, file=C:\Users\ashok.mahendran\Desktop\Sample-Node\node_modules\mongoose\lib\model.js, function=null, line=3953, method=null, native=false, column=7, file=C:\Users\ashok.mahendran\Desktop\Sample-Node\node_modules\mongoose\lib\query.js, function=(anonymous function).call, line=3029, method=call, native=false, column=28, file=C:\Users\ashok.mahendran\Desktop\Sample-Node\node_modules\mongoose\lib\query.js, function=process.nextTick, line=2016, method=nextTick, native=false, column=7, file=internal/process/next_tick.js, function=_combinedTickCallback, line=131, method=null, native=false, column=9, file=internal/process/next_tick.js, function=process._tickCallback, line=180, method=_tickCallback, native=false], stack=[SyntaxError: Unexpected token _ in JSON at position 2,     at JSON.parse (<anonymous>),     at C:\Users\ashok.mahendran\Desktop\Sample-Node\controllers\controller.js:79:24,     at C:\Users\ashok.mahendran\Desktop\Sample-Node\node_modules\mongoose\lib\model.js:3953:16,     at (anonymous function).call (C:\Users\ashok.mahendran\Desktop\Sample-Node\node_modules\mongoose\lib\query.js:3029:7),     at process.nextTick (C:\Users\ashok.mahendran\Desktop\Sample-Node\node_modules\mongoose\lib\query.js:2016:28),     at _combinedTickCallback (internal/process/next_tick.js:131:7),     at process._tickCallback (internal/process/next_tick.js:180:9)]
2018-05-08T11:02:58.609Z - error: uncaughtException: Cannot read property 'role' of null date=Tue May 08 2018 16:32:58 GMT+0530 (India Standard Time), pid=8664, uid=null, gid=null, cwd=C:\Users\ashok.mahendran\Desktop\Sample-Node, execPath=C:\Program Files\nodejs\node.exe, version=v8.11.1, argv=[C:\Program Files\nodejs\node.exe, C:\Users\ashok.mahendran\Desktop\Sample-Node\app.js], rss=49520640, heapTotal=29470720, heapUsed=25218488, external=17917671, loadavg=[0, 0, 0], uptime=77172.4800919, trace=[column=28, file=C:\Users\ashok.mahendran\Desktop\Sample-Node\controllers\authenticationcontroller.js, function=null, line=16, method=null, native=false, column=16, file=C:\Users\ashok.mahendran\Desktop\Sample-Node\node_modules\mongoose\lib\model.js, function=null, line=3953, method=null, native=false, column=7, file=C:\Users\ashok.mahendran\Desktop\Sample-Node\node_modules\mongoose\lib\query.js, function=(anonymous function).call, line=3029, method=call, native=false, column=14, file=C:\Users\ashok.mahendran\Desktop\Sample-Node\node_modules\mongoose\lib\query.js, function=null, line=1516, method=null, native=false, column=16, file=C:\Users\ashok.mahendran\Desktop\Sample-Node\node_modules\mquery\lib\utils.js, function=Immediate._onImmediate, line=119, method=_onImmediate, native=false, column=20, file=timers.js, function=runCallback, line=794, method=null, native=false, column=5, file=timers.js, function=tryOnImmediate, line=752, method=null, native=false, column=5, file=timers.js, function=processImmediate [as _immediateCallback], line=729, method=null, native=false], stack=[TypeError: Cannot read property 'role' of null,     at C:\Users\ashok.mahendran\Desktop\Sample-Node\controllers\authenticationcontroller.js:16:28,     at C:\Users\ashok.mahendran\Desktop\Sample-Node\node_modules\mongoose\lib\model.js:3953:16,     at (anonymous function).call (C:\Users\ashok.mahendran\Desktop\Sample-Node\node_modules\mongoose\lib\query.js:3029:7),     at Immediate.<anonymous> (C:\Users\ashok.mahendran\Desktop\Sample-Node\node_modules\mongoose\lib\query.js:1516:14),     at Immediate._onImmediate (C:\Users\ashok.mahendran\Desktop\Sample-Node\node_modules\mquery\lib\utils.js:119:16),     at runCallback (timers.js:794:20),     at tryOnImmediate (timers.js:752:5),     at processImmediate [as _immediateCallback] (timers.js:729:5)]
2018-05-08T11:03:29.650Z - error: uncaughtException: Cannot read property 'role' of null date=Tue May 08 2018 16:33:29 GMT+0530 (India Standard Time), pid=2812, uid=null, gid=null, cwd=C:\Users\ashok.mahendran\Desktop\Sample-Node, execPath=C:\Program Files\nodejs\node.exe, version=v8.11.1, argv=[C:\Program Files\nodejs\node.exe, C:\Users\ashok.mahendran\Desktop\Sample-Node\app.js], rss=48906240, heapTotal=34947072, heapUsed=19899840, external=18200144, loadavg=[0, 0, 0], uptime=77203.5191955, trace=[column=18, file=C:\Users\ashok.mahendran\Desktop\Sample-Node\controllers\authenticationcontroller.js, function=null, line=16, method=null, native=false, column=16, file=C:\Users\ashok.mahendran\Desktop\Sample-Node\node_modules\mongoose\lib\model.js, function=null, line=3953, method=null, native=false, column=7, file=C:\Users\ashok.mahendran\Desktop\Sample-Node\node_modules\mongoose\lib\query.js, function=(anonymous function).call, line=3029, method=call, native=false, column=14, file=C:\Users\ashok.mahendran\Desktop\Sample-Node\node_modules\mongoose\lib\query.js, function=null, line=1516, method=null, native=false, column=16, file=C:\Users\ashok.mahendran\Desktop\Sample-Node\node_modules\mquery\lib\utils.js, function=Immediate._onImmediate, line=119, method=_onImmediate, native=false, column=20, file=timers.js, function=runCallback, line=794, method=null, native=false, column=5, file=timers.js, function=tryOnImmediate, line=752, method=null, native=false, column=5, file=timers.js, function=processImmediate [as _immediateCallback], line=729, method=null, native=false], stack=[TypeError: Cannot read property 'role' of null,     at C:\Users\ashok.mahendran\Desktop\Sample-Node\controllers\authenticationcontroller.js:16:18,     at C:\Users\ashok.mahendran\Desktop\Sample-Node\node_modules\mongoose\lib\model.js:3953:16,     at (anonymous function).call (C:\Users\ashok.mahendran\Desktop\Sample-Node\node_modules\mongoose\lib\query.js:3029:7),     at Immediate.<anonymous> (C:\Users\ashok.mahendran\Desktop\Sample-Node\node_modules\mongoose\lib\query.js:1516:14),     at Immediate._onImmediate (C:\Users\ashok.mahendran\Desktop\Sample-Node\node_modules\mquery\lib\utils.js:119:16),     at runCallback (timers.js:794:20),     at tryOnImmediate (timers.js:752:5),     at processImmediate [as _immediateCallback] (timers.js:729:5)]
2018-05-08T11:13:03.746Z - error: uncaughtException: Unexpected token ) date=Tue May 08 2018 16:43:03 GMT+0530 (India Standard Time), pid=8428, uid=null, gid=null, cwd=C:\Users\ashok.mahendran\Desktop\Sample-Node, execPath=C:\Program Files\nodejs\node.exe, version=v8.11.1, argv=[C:\Program Files\nodejs\node.exe, C:\Users\ashok.mahendran\Desktop\Sample-Node\app.js], rss=47460352, heapTotal=33374208, heapUsed=19339400, external=18057675, loadavg=[0, 0, 0], uptime=77777.6165995, trace=[column=10, file=vm.js, function=createScript, line=80, method=null, native=false, column=10, file=vm.js, function=Object.runInThisContext, line=139, method=runInThisContext, native=false, column=28, file=module.js, function=Module._compile, line=616, method=_compile, native=false, column=10, file=module.js, function=Module._extensions..js, line=663, method=.js, native=false, column=32, file=module.js, function=Module.load, line=565, method=load, native=false, column=12, file=module.js, function=tryModuleLoad, line=505, method=null, native=false, column=3, file=module.js, function=Module._load, line=497, method=_load, native=false, column=17, file=module.js, function=Module.require, line=596, method=require, native=false, column=18, file=internal/module.js, function=require, line=11, method=null, native=false, column=22, file=C:\Users\ashok.mahendran\Desktop\Sample-Node\routes\routes.js, function=module.exports, line=2, method=exports, native=false, column=30, file=C:\Users\ashok.mahendran\Desktop\Sample-Node\app.js, function=null, line=21, method=null, native=false, column=30, file=module.js, function=Module._compile, line=652, method=_compile, native=false, column=10, file=module.js, function=Module._extensions..js, line=663, method=.js, native=false, column=32, file=module.js, function=Module.load, line=565, method=load, native=false, column=12, file=module.js, function=tryModuleLoad, line=505, method=null, native=false, column=3, file=module.js, function=Module._load, line=497, method=_load, native=false], stack=[C:\Users\ashok.mahendran\Desktop\Sample-Node\controllers\controller.js:83,     }),      ^, , SyntaxError: Unexpected token ),     at createScript (vm.js:80:10),     at Object.runInThisContext (vm.js:139:10),     at Module._compile (module.js:616:28),     at Object.Module._extensions..js (module.js:663:10),     at Module.load (module.js:565:32),     at tryModuleLoad (module.js:505:12),     at Function.Module._load (module.js:497:3),     at Module.require (module.js:596:17),     at require (internal/module.js:11:18),     at module.exports (C:\Users\ashok.mahendran\Desktop\Sample-Node\routes\routes.js:2:22),     at Object.<anonymous> (C:\Users\ashok.mahendran\Desktop\Sample-Node\app.js:21:30),     at Module._compile (module.js:652:30),     at Object.Module._extensions..js (module.js:663:10),     at Module.load (module.js:565:32),     at tryModuleLoad (module.js:505:12),     at Function.Module._load (module.js:497:3)]
2018-05-08T11:13:15.159Z - error: uncaughtException: Unexpected token ) date=Tue May 08 2018 16:43:15 GMT+0530 (India Standard Time), pid=5264, uid=null, gid=null, cwd=C:\Users\ashok.mahendran\Desktop\Sample-Node, execPath=C:\Program Files\nodejs\node.exe, version=v8.11.1, argv=[C:\Program Files\nodejs\node.exe, C:\Users\ashok.mahendran\Desktop\Sample-Node\app.js], rss=46628864, heapTotal=33898496, heapUsed=16528288, external=18057678, loadavg=[0, 0, 0], uptime=77789.0297407, trace=[column=10, file=vm.js, function=createScript, line=80, method=null, native=false, column=10, file=vm.js, function=Object.runInThisContext, line=139, method=runInThisContext, native=false, column=28, file=module.js, function=Module._compile, line=616, method=_compile, native=false, column=10, file=module.js, function=Module._extensions..js, line=663, method=.js, native=false, column=32, file=module.js, function=Module.load, line=565, method=load, native=false, column=12, file=module.js, function=tryModuleLoad, line=505, method=null, native=false, column=3, file=module.js, function=Module._load, line=497, method=_load, native=false, column=17, file=module.js, function=Module.require, line=596, method=require, native=false, column=18, file=internal/module.js, function=require, line=11, method=null, native=false, column=22, file=C:\Users\ashok.mahendran\Desktop\Sample-Node\routes\routes.js, function=module.exports, line=2, method=exports, native=false, column=30, file=C:\Users\ashok.mahendran\Desktop\Sample-Node\app.js, function=null, line=21, method=null, native=false, column=30, file=module.js, function=Module._compile, line=652, method=_compile, native=false, column=10, file=module.js, function=Module._extensions..js, line=663, method=.js, native=false, column=32, file=module.js, function=Module.load, line=565, method=load, native=false, column=12, file=module.js, function=tryModuleLoad, line=505, method=null, native=false, column=3, file=module.js, function=Module._load, line=497, method=_load, native=false], stack=[C:\Users\ashok.mahendran\Desktop\Sample-Node\controllers\controller.js:83,     }),      ^, , SyntaxError: Unexpected token ),     at createScript (vm.js:80:10),     at Object.runInThisContext (vm.js:139:10),     at Module._compile (module.js:616:28),     at Object.Module._extensions..js (module.js:663:10),     at Module.load (module.js:565:32),     at tryModuleLoad (module.js:505:12),     at Function.Module._load (module.js:497:3),     at Module.require (module.js:596:17),     at require (internal/module.js:11:18),     at module.exports (C:\Users\ashok.mahendran\Desktop\Sample-Node\routes\routes.js:2:22),     at Object.<anonymous> (C:\Users\ashok.mahendran\Desktop\Sample-Node\app.js:21:30),     at Module._compile (module.js:652:30),     at Object.Module._extensions..js (module.js:663:10),     at Module.load (module.js:565:32),     at tryModuleLoad (module.js:505:12),     at Function.Module._load (module.js:497:3)]
2018-05-08T11:25:41.111Z - error: uncaughtException: db is not defined date=Tue May 08 2018 16:55:41 GMT+0530 (India Standard Time), pid=5136, uid=null, gid=null, cwd=C:\Users\ashok.mahendran\Desktop\Sample-Node, execPath=C:\Program Files\nodejs\node.exe, version=v8.11.1, argv=[C:\Program Files\nodejs\node.exe, C:\Users\ashok.mahendran\Desktop\Sample-Node\app.js], rss=67854336, heapTotal=60403712, heapUsed=24942968, external=18478455, loadavg=[0, 0, 0], uptime=78534.977328, trace=[column=7, file=C:\Users\ashok.mahendran\Desktop\Sample-Node\controllers\controller.js, function=null, line=128, method=null, native=false, column=9, file=C:\Users\ashok.mahendran\Desktop\Sample-Node\node_modules\mongoose\lib\query.js, function=callback, line=2946, method=null, native=false, column=17, file=C:\Users\ashok.mahendran\Desktop\Sample-Node\node_modules\mongodb\lib\utils.js, function=result, line=414, method=null, native=false, column=11, file=C:\Users\ashok.mahendran\Desktop\Sample-Node\node_modules\mongodb\lib\utils.js, function=session.endSession, line=401, method=endSession, native=false, column=41, file=C:\Users\ashok.mahendran\Desktop\Sample-Node\node_modules\mongodb-core\lib\sessions.js, function=ClientSession.endSession, line=72, method=endSession, native=false, column=17, file=C:\Users\ashok.mahendran\Desktop\Sample-Node\node_modules\mongodb\lib\utils.js, function=executeCallback, line=397, method=null, native=false, column=19, file=C:\Users\ashok.mahendran\Desktop\Sample-Node\node_modules\mongodb\lib\collection.js, function=null, line=873, method=null, native=false, column=55, file=C:\Users\ashok.mahendran\Desktop\Sample-Node\node_modules\mongodb\lib\utils.js, function=handleCallback, line=128, method=null, native=false, column=5, file=C:\Users\ashok.mahendran\Desktop\Sample-Node\node_modules\mongodb\lib\collection.js, function=null, line=1031, method=null, native=false, column=18, file=C:\Users\ashok.mahendran\Desktop\Sample-Node\node_modules\mongodb-core\lib\connection\pool.js, function=null, line=544, method=null, native=false, column=7, file=internal/process/next_tick.js, function=_combinedTickCallback, line=131, method=null, native=false, column=9, file=internal/process/next_tick.js, function=process._tickCallback, line=180, method=_tickCallback, native=false], stack=[ReferenceError: db is not defined,     at C:\Users\ashok.mahendran\Desktop\Sample-Node\controllers\controller.js:128:7,     at callback (C:\Users\ashok.mahendran\Desktop\Sample-Node\node_modules\mongoose\lib\query.js:2946:9),     at result (C:\Users\ashok.mahendran\Desktop\Sample-Node\node_modules\mongodb\lib\utils.js:414:17),     at session.endSession (C:\Users\ashok.mahendran\Desktop\Sample-Node\node_modules\mongodb\lib\utils.js:401:11),     at ClientSession.endSession (C:\Users\ashok.mahendran\Desktop\Sample-Node\node_modules\mongodb-core\lib\sessions.js:72:41),     at executeCallback (C:\Users\ashok.mahendran\Desktop\Sample-Node\node_modules\mongodb\lib\utils.js:397:17),     at C:\Users\ashok.mahendran\Desktop\Sample-Node\node_modules\mongodb\lib\collection.js:873:19,     at handleCallback (C:\Users\ashok.mahendran\Desktop\Sample-Node\node_modules\mongodb\lib\utils.js:128:55),     at C:\Users\ashok.mahendran\Desktop\Sample-Node\node_modules\mongodb\lib\collection.js:1031:5,     at C:\Users\ashok.mahendran\Desktop\Sample-Node\node_modules\mongodb-core\lib\connection\pool.js:544:18,     at _combinedTickCallback (internal/process/next_tick.js:131:7),     at process._tickCallback (internal/process/next_tick.js:180:9)]
